mode: atomic
github.com/jfox85/devx/main.go:9.13,11.2 1 0
github.com/jfox85/devx/deps/checker.go:29.37,67.2 1 0
github.com/jfox85/devx/deps/checker.go:70.50,78.16 3 0
github.com/jfox85/devx/deps/checker.go:78.16,81.3 2 0
github.com/jfox85/devx/deps/checker.go:83.2,88.16 4 0
github.com/jfox85/devx/deps/checker.go:88.16,91.21 2 0
github.com/jfox85/devx/deps/checker.go:91.21,93.4 1 0
github.com/jfox85/devx/deps/checker.go:96.2,96.15 1 0
github.com/jfox85/devx/deps/checker.go:100.43,104.27 3 0
github.com/jfox85/devx/deps/checker.go:104.27,106.3 1 0
github.com/jfox85/devx/deps/checker.go:108.2,108.16 1 0
github.com/jfox85/devx/deps/checker.go:112.43,114.21 2 0
github.com/jfox85/devx/deps/checker.go:114.21,116.3 1 0
github.com/jfox85/devx/deps/checker.go:118.2,127.16 3 0
github.com/jfox85/devx/deps/checker.go:131.32,133.55 1 0
github.com/jfox85/devx/deps/checker.go:133.55,135.3 1 0
github.com/jfox85/devx/deps/checker.go:138.2,138.49 1 0
github.com/jfox85/devx/deps/checker.go:138.49,140.3 1 0
github.com/jfox85/devx/deps/checker.go:142.2,142.49 1 0
github.com/jfox85/devx/deps/checker.go:142.49,144.3 1 0
github.com/jfox85/devx/deps/checker.go:146.2,146.11 1 0
github.com/jfox85/devx/deps/checker.go:150.69,158.33 6 0
github.com/jfox85/devx/deps/checker.go:158.33,160.24 2 0
github.com/jfox85/devx/deps/checker.go:160.24,163.34 3 0
github.com/jfox85/devx/deps/checker.go:163.34,165.5 1 0
github.com/jfox85/devx/deps/checker.go:165.10,167.5 1 0
github.com/jfox85/devx/deps/checker.go:170.3,171.47 2 0
github.com/jfox85/devx/deps/checker.go:171.47,173.4 1 0
github.com/jfox85/devx/deps/checker.go:174.3,176.24 2 0
github.com/jfox85/devx/deps/checker.go:176.24,178.4 1 0
github.com/jfox85/devx/deps/checker.go:182.2,182.25 1 0
github.com/jfox85/devx/deps/checker.go:182.25,184.30 2 0
github.com/jfox85/devx/deps/checker.go:184.30,188.4 3 0
github.com/jfox85/devx/deps/checker.go:190.3,191.59 2 0
github.com/jfox85/devx/deps/checker.go:191.59,193.4 1 0
github.com/jfox85/devx/deps/checker.go:194.3,196.30 2 0
github.com/jfox85/devx/deps/checker.go:196.30,198.4 1 0
github.com/jfox85/devx/deps/checker.go:201.2,204.30 2 0
github.com/jfox85/devx/deps/checker.go:204.30,207.3 2 0
github.com/jfox85/devx/deps/checker.go:209.2,209.30 1 0
github.com/jfox85/devx/deps/checker.go:209.30,212.3 2 0
github.com/jfox85/devx/deps/checker.go:214.2,214.16 1 0
github.com/jfox85/devx/deps/checker.go:214.16,216.3 1 0
github.com/jfox85/devx/deps/checker.go:218.2,218.15 1 0
github.com/jfox85/devx/version/version.go:27.17,36.2 1 0
github.com/jfox85/devx/version/version.go:39.31,42.51 2 0
github.com/jfox85/devx/version/version.go:42.51,43.27 1 0
github.com/jfox85/devx/version/version.go:43.27,45.4 1 0
github.com/jfox85/devx/version/version.go:45.9,47.4 1 0
github.com/jfox85/devx/version/version.go:50.2,50.51 1 0
github.com/jfox85/devx/version/version.go:50.51,52.3 1 0
github.com/jfox85/devx/version/version.go:54.2,54.15 1 0
github.com/jfox85/devx/version/version.go:58.33,72.2 1 0
github.com/jfox85/devx/tui/model.go:149.43,151.2 1 0
github.com/jfox85/devx/tui/model.go:153.44,159.2 1 0
github.com/jfox85/devx/tui/model.go:161.27,176.2 4 0
github.com/jfox85/devx/tui/model.go:178.31,180.2 1 0
github.com/jfox85/devx/tui/model.go:182.40,184.16 2 0
github.com/jfox85/devx/tui/model.go:184.16,186.3 1 0
github.com/jfox85/devx/tui/model.go:189.2,190.16 2 0
github.com/jfox85/devx/tui/model.go:190.16,192.3 1 0
github.com/jfox85/devx/tui/model.go:194.2,195.41 2 0
github.com/jfox85/devx/tui/model.go:195.41,197.30 2 0
github.com/jfox85/devx/tui/model.go:197.30,198.74 1 0
github.com/jfox85/devx/tui/model.go:198.74,200.5 1 0
github.com/jfox85/devx/tui/model.go:203.3,213.5 1 0
github.com/jfox85/devx/tui/model.go:217.2,217.43 1 0
github.com/jfox85/devx/tui/model.go:217.43,219.59 1 0
github.com/jfox85/devx/tui/model.go:219.59,220.38 1 0
github.com/jfox85/devx/tui/model.go:220.38,222.5 1 0
github.com/jfox85/devx/tui/model.go:223.4,223.38 1 0
github.com/jfox85/devx/tui/model.go:223.38,225.5 1 0
github.com/jfox85/devx/tui/model.go:226.4,226.62 1 0
github.com/jfox85/devx/tui/model.go:230.3,230.62 1 0
github.com/jfox85/devx/tui/model.go:230.62,232.4 1 0
github.com/jfox85/devx/tui/model.go:233.3,233.62 1 0
github.com/jfox85/devx/tui/model.go:233.62,235.4 1 0
github.com/jfox85/devx/tui/model.go:238.3,238.45 1 0
github.com/jfox85/devx/tui/model.go:241.2,241.36 1 0
github.com/jfox85/devx/tui/model.go:244.40,246.16 2 0
github.com/jfox85/devx/tui/model.go:246.16,248.3 1 0
github.com/jfox85/devx/tui/model.go:250.2,251.45 2 0
github.com/jfox85/devx/tui/model.go:251.45,258.3 1 0
github.com/jfox85/devx/tui/model.go:261.2,261.43 1 0
github.com/jfox85/devx/tui/model.go:261.43,263.3 1 0
github.com/jfox85/devx/tui/model.go:265.2,265.36 1 0
github.com/jfox85/devx/tui/model.go:306.32,306.56 1 0
github.com/jfox85/devx/tui/model.go:308.57,309.27 1 0
github.com/jfox85/devx/tui/model.go:310.25,313.27 3 0
github.com/jfox85/devx/tui/model.go:315.18,317.19 1 0
github.com/jfox85/devx/tui/model.go:317.19,318.11 1 0
github.com/jfox85/devx/tui/model.go:319.39,320.23 1 0
github.com/jfox85/devx/tui/model.go:321.12,324.24 2 0
github.com/jfox85/devx/tui/model.go:326.4,326.17 1 0
github.com/jfox85/devx/tui/model.go:329.3,329.18 1 0
github.com/jfox85/devx/tui/model.go:330.18,331.11 1 0
github.com/jfox85/devx/tui/model.go:332.39,333.23 1 0
github.com/jfox85/devx/tui/model.go:335.37,336.21 1 0
github.com/jfox85/devx/tui/model.go:336.21,338.6 1 0
github.com/jfox85/devx/tui/model.go:340.39,341.37 1 0
github.com/jfox85/devx/tui/model.go:341.37,343.6 1 0
github.com/jfox85/devx/tui/model.go:345.40,346.28 1 0
github.com/jfox85/devx/tui/model.go:346.28,349.6 2 0
github.com/jfox85/devx/tui/model.go:351.41,352.39 1 0
github.com/jfox85/devx/tui/model.go:354.41,355.28 1 0
github.com/jfox85/devx/tui/model.go:355.28,360.6 4 0
github.com/jfox85/devx/tui/model.go:362.39,363.28 1 0
github.com/jfox85/devx/tui/model.go:363.28,366.6 2 0
github.com/jfox85/devx/tui/model.go:368.39,369.28 1 0
github.com/jfox85/devx/tui/model.go:369.28,372.6 2 0
github.com/jfox85/devx/tui/model.go:374.44,377.58 2 0
github.com/jfox85/devx/tui/model.go:377.58,379.6 1 0
github.com/jfox85/devx/tui/model.go:380.5,380.47 1 0
github.com/jfox85/devx/tui/model.go:382.43,384.44 2 0
github.com/jfox85/devx/tui/model.go:386.42,387.35 1 0
github.com/jfox85/devx/tui/model.go:389.39,390.37 1 0
github.com/jfox85/devx/tui/model.go:393.22,394.11 1 0
github.com/jfox85/devx/tui/model.go:395.39,397.23 2 0
github.com/jfox85/devx/tui/model.go:399.34,401.19 2 0
github.com/jfox85/devx/tui/model.go:401.19,405.6 3 0
github.com/jfox85/devx/tui/model.go:407.12,410.18 3 0
github.com/jfox85/devx/tui/model.go:413.21,414.41 1 0
github.com/jfox85/devx/tui/model.go:415.13,417.29 1 0
github.com/jfox85/devx/tui/model.go:417.29,423.6 5 0
github.com/jfox85/devx/tui/model.go:425.5,425.29 1 0
github.com/jfox85/devx/tui/model.go:425.29,430.43 4 0
github.com/jfox85/devx/tui/model.go:430.43,432.7 1 0
github.com/jfox85/devx/tui/model.go:433.6,433.19 1 0
github.com/jfox85/devx/tui/model.go:435.13,437.29 1 0
github.com/jfox85/devx/tui/model.go:437.29,440.6 2 0
github.com/jfox85/devx/tui/model.go:440.11,440.49 1 0
github.com/jfox85/devx/tui/model.go:440.50,442.6 0 0
github.com/jfox85/devx/tui/model.go:442.11,444.6 1 0
github.com/jfox85/devx/tui/model.go:445.5,446.24 2 0
github.com/jfox85/devx/tui/model.go:449.23,450.11 1 0
github.com/jfox85/devx/tui/model.go:451.70,454.25 3 0
github.com/jfox85/devx/tui/model.go:456.37,457.29 1 0
github.com/jfox85/devx/tui/model.go:457.29,459.6 1 0
github.com/jfox85/devx/tui/model.go:461.39,462.46 1 0
github.com/jfox85/devx/tui/model.go:462.46,464.6 1 0
github.com/jfox85/devx/tui/model.go:466.40,467.29 1 0
github.com/jfox85/devx/tui/model.go:467.29,471.6 3 0
github.com/jfox85/devx/tui/model.go:474.27,475.11 1 0
github.com/jfox85/devx/tui/model.go:476.70,479.24 3 0
github.com/jfox85/devx/tui/model.go:481.37,482.28 1 0
github.com/jfox85/devx/tui/model.go:482.28,484.6 1 0
github.com/jfox85/devx/tui/model.go:486.39,487.44 1 0
github.com/jfox85/devx/tui/model.go:487.44,489.6 1 0
github.com/jfox85/devx/tui/model.go:491.40,492.28 1 0
github.com/jfox85/devx/tui/model.go:492.28,498.6 5 0
github.com/jfox85/devx/tui/model.go:501.31,502.11 1 0
github.com/jfox85/devx/tui/model.go:503.70,507.21 4 0
github.com/jfox85/devx/tui/model.go:509.37,510.28 1 0
github.com/jfox85/devx/tui/model.go:510.28,512.6 1 0
github.com/jfox85/devx/tui/model.go:514.39,515.44 1 0
github.com/jfox85/devx/tui/model.go:515.44,517.6 1 0
github.com/jfox85/devx/tui/model.go:519.41,523.30 4 0
github.com/jfox85/devx/tui/model.go:525.41,526.28 1 0
github.com/jfox85/devx/tui/model.go:526.28,529.29 3 0
github.com/jfox85/devx/tui/model.go:529.29,535.7 3 0
github.com/jfox85/devx/tui/model.go:536.6,537.19 2 0
github.com/jfox85/devx/tui/model.go:541.24,542.11 1 0
github.com/jfox85/devx/tui/model.go:543.39,545.44 2 0
github.com/jfox85/devx/tui/model.go:547.40,549.19 2 0
github.com/jfox85/devx/tui/model.go:549.19,551.6 1 0
github.com/jfox85/devx/tui/model.go:553.12,556.18 3 0
github.com/jfox85/devx/tui/model.go:560.25,562.34 2 0
github.com/jfox85/devx/tui/model.go:562.34,564.4 1 0
github.com/jfox85/devx/tui/model.go:565.3,565.19 1 0
github.com/jfox85/devx/tui/model.go:565.19,567.4 1 0
github.com/jfox85/devx/tui/model.go:569.26,572.27 3 0
github.com/jfox85/devx/tui/model.go:574.25,576.22 2 0
github.com/jfox85/devx/tui/model.go:579.33,583.28 4 0
github.com/jfox85/devx/tui/model.go:585.33,587.27 2 0
github.com/jfox85/devx/tui/model.go:589.23,599.42 4 0
github.com/jfox85/devx/tui/model.go:601.25,605.19 1 0
github.com/jfox85/devx/tui/model.go:605.19,609.5 2 0
github.com/jfox85/devx/tui/model.go:612.25,613.27 1 0
github.com/jfox85/devx/tui/model.go:615.29,617.45 1 0
github.com/jfox85/devx/tui/model.go:619.25,621.44 1 0
github.com/jfox85/devx/tui/model.go:621.44,623.4 1 0
github.com/jfox85/devx/tui/model.go:625.26,627.59 1 0
github.com/jfox85/devx/tui/model.go:629.22,630.31 1 0
github.com/jfox85/devx/tui/model.go:632.14,634.22 2 0
github.com/jfox85/devx/tui/model.go:637.2,637.15 1 0
github.com/jfox85/devx/tui/model.go:640.30,641.18 1 0
github.com/jfox85/devx/tui/model.go:641.18,643.3 1 0
github.com/jfox85/devx/tui/model.go:645.2,647.17 2 0
github.com/jfox85/devx/tui/model.go:648.17,649.25 1 0
github.com/jfox85/devx/tui/model.go:650.21,651.27 1 0
github.com/jfox85/devx/tui/model.go:652.26,653.34 1 0
github.com/jfox85/devx/tui/model.go:654.20,655.28 1 0
github.com/jfox85/devx/tui/model.go:656.22,657.30 1 0
github.com/jfox85/devx/tui/model.go:658.30,659.38 1 0
github.com/jfox85/devx/tui/model.go:660.23,661.31 1 0
github.com/jfox85/devx/tui/model.go:665.2,666.20 2 0
github.com/jfox85/devx/tui/model.go:666.20,668.3 1 0
github.com/jfox85/devx/tui/model.go:668.8,669.18 1 0
github.com/jfox85/devx/tui/model.go:670.18,671.216 1 0
github.com/jfox85/devx/tui/model.go:672.22,673.87 1 0
github.com/jfox85/devx/tui/model.go:674.27,675.119 1 0
github.com/jfox85/devx/tui/model.go:676.21,677.74 1 0
github.com/jfox85/devx/tui/model.go:678.23,679.120 1 0
github.com/jfox85/devx/tui/model.go:680.31,681.134 1 0
github.com/jfox85/devx/tui/model.go:682.24,683.84 1 0
github.com/jfox85/devx/tui/model.go:689.2,693.26 3 0
github.com/jfox85/devx/tui/model.go:693.26,695.3 1 0
github.com/jfox85/devx/tui/model.go:698.2,701.34 1 0
github.com/jfox85/devx/tui/model.go:704.34,713.26 2 0
github.com/jfox85/devx/tui/model.go:713.26,717.3 1 0
github.com/jfox85/devx/tui/model.go:719.2,719.20 1 0
github.com/jfox85/devx/tui/model.go:719.20,725.27 3 0
github.com/jfox85/devx/tui/model.go:725.27,727.4 1 0
github.com/jfox85/devx/tui/model.go:730.3,731.35 2 0
github.com/jfox85/devx/tui/model.go:731.35,733.43 1 0
github.com/jfox85/devx/tui/model.go:733.43,734.29 1 0
github.com/jfox85/devx/tui/model.go:734.29,736.6 1 0
github.com/jfox85/devx/tui/model.go:737.5,740.32 3 0
github.com/jfox85/devx/tui/model.go:740.32,741.32 1 0
github.com/jfox85/devx/tui/model.go:741.32,743.7 1 0
github.com/jfox85/devx/tui/model.go:743.12,745.7 1 0
github.com/jfox85/devx/tui/model.go:748.5,748.60 1 0
github.com/jfox85/devx/tui/model.go:751.4,752.21 2 0
github.com/jfox85/devx/tui/model.go:752.21,754.5 1 0
github.com/jfox85/devx/tui/model.go:757.4,758.26 2 0
github.com/jfox85/devx/tui/model.go:758.26,760.5 1 0
github.com/jfox85/devx/tui/model.go:762.4,763.21 2 0
github.com/jfox85/devx/tui/model.go:763.21,765.5 1 0
github.com/jfox85/devx/tui/model.go:766.4,769.21 2 0
github.com/jfox85/devx/tui/model.go:769.21,772.5 2 0
github.com/jfox85/devx/tui/model.go:775.3,775.20 1 0
github.com/jfox85/devx/tui/model.go:780.2,789.34 6 0
github.com/jfox85/devx/tui/model.go:789.34,791.42 1 0
github.com/jfox85/devx/tui/model.go:791.42,792.28 1 0
github.com/jfox85/devx/tui/model.go:792.28,794.5 1 0
github.com/jfox85/devx/tui/model.go:795.4,798.31 3 0
github.com/jfox85/devx/tui/model.go:798.31,799.31 1 0
github.com/jfox85/devx/tui/model.go:799.31,801.6 1 0
github.com/jfox85/devx/tui/model.go:801.11,803.6 1 0
github.com/jfox85/devx/tui/model.go:806.4,806.69 1 0
github.com/jfox85/devx/tui/model.go:809.3,810.20 2 0
github.com/jfox85/devx/tui/model.go:810.20,812.4 1 0
github.com/jfox85/devx/tui/model.go:815.3,816.25 2 0
github.com/jfox85/devx/tui/model.go:816.25,818.4 1 0
github.com/jfox85/devx/tui/model.go:820.3,821.20 2 0
github.com/jfox85/devx/tui/model.go:821.20,823.4 1 0
github.com/jfox85/devx/tui/model.go:824.3,824.39 1 0
github.com/jfox85/devx/tui/model.go:828.2,829.55 2 0
github.com/jfox85/devx/tui/model.go:829.55,832.3 2 0
github.com/jfox85/devx/tui/model.go:832.8,834.3 1 0
github.com/jfox85/devx/tui/model.go:837.2,841.81 3 0
github.com/jfox85/devx/tui/model.go:844.59,849.25 2 0
github.com/jfox85/devx/tui/model.go:849.25,853.35 3 0
github.com/jfox85/devx/tui/model.go:853.35,855.4 1 0
github.com/jfox85/devx/tui/model.go:856.3,857.36 2 0
github.com/jfox85/devx/tui/model.go:857.36,859.4 1 0
github.com/jfox85/devx/tui/model.go:860.3,860.18 1 0
github.com/jfox85/devx/tui/model.go:864.2,864.61 1 0
github.com/jfox85/devx/tui/model.go:864.61,865.101 1 0
github.com/jfox85/devx/tui/model.go:865.101,869.44 3 0
github.com/jfox85/devx/tui/model.go:869.44,871.5 1 0
github.com/jfox85/devx/tui/model.go:872.4,873.42 2 0
github.com/jfox85/devx/tui/model.go:873.42,876.5 2 0
github.com/jfox85/devx/tui/model.go:880.2,880.16 1 0
github.com/jfox85/devx/tui/model.go:883.59,889.24 3 0
github.com/jfox85/devx/tui/model.go:889.24,895.35 3 0
github.com/jfox85/devx/tui/model.go:895.35,897.4 1 0
github.com/jfox85/devx/tui/model.go:899.3,899.66 1 0
github.com/jfox85/devx/tui/model.go:903.2,903.74 1 0
github.com/jfox85/devx/tui/model.go:903.74,906.3 2 0
github.com/jfox85/devx/tui/model.go:906.8,913.26 4 0
github.com/jfox85/devx/tui/model.go:913.26,917.36 3 0
github.com/jfox85/devx/tui/model.go:917.36,919.5 1 0
github.com/jfox85/devx/tui/model.go:920.4,921.37 2 0
github.com/jfox85/devx/tui/model.go:921.37,923.5 1 0
github.com/jfox85/devx/tui/model.go:924.4,924.29 1 0
github.com/jfox85/devx/tui/model.go:928.3,928.62 1 0
github.com/jfox85/devx/tui/model.go:928.62,929.102 1 0
github.com/jfox85/devx/tui/model.go:929.102,933.45 3 0
github.com/jfox85/devx/tui/model.go:933.45,935.6 1 0
github.com/jfox85/devx/tui/model.go:936.5,937.43 2 0
github.com/jfox85/devx/tui/model.go:937.43,940.6 2 0
github.com/jfox85/devx/tui/model.go:945.2,945.25 1 0
github.com/jfox85/devx/tui/model.go:948.65,951.39 2 0
github.com/jfox85/devx/tui/model.go:951.39,953.3 1 0
github.com/jfox85/devx/tui/model.go:956.2,958.16 3 0
github.com/jfox85/devx/tui/model.go:958.16,960.3 1 0
github.com/jfox85/devx/tui/model.go:962.2,968.16 5 0
github.com/jfox85/devx/tui/model.go:968.16,972.17 3 0
github.com/jfox85/devx/tui/model.go:972.17,974.4 1 0
github.com/jfox85/devx/tui/model.go:977.2,985.29 5 0
github.com/jfox85/devx/tui/model.go:985.29,989.42 2 0
github.com/jfox85/devx/tui/model.go:989.42,991.4 1 0
github.com/jfox85/devx/tui/model.go:995.2,996.32 2 0
github.com/jfox85/devx/tui/model.go:996.32,998.3 1 0
github.com/jfox85/devx/tui/model.go:1000.2,1000.26 1 0
github.com/jfox85/devx/tui/model.go:1000.26,1009.40 6 0
github.com/jfox85/devx/tui/model.go:1009.40,1012.4 2 0
github.com/jfox85/devx/tui/model.go:1015.3,1017.41 3 0
github.com/jfox85/devx/tui/model.go:1017.41,1020.4 2 0
github.com/jfox85/devx/tui/model.go:1022.3,1025.28 3 0
github.com/jfox85/devx/tui/model.go:1028.2,1028.39 1 0
github.com/jfox85/devx/tui/model.go:1031.48,1032.26 1 0
github.com/jfox85/devx/tui/model.go:1032.26,1034.3 1 0
github.com/jfox85/devx/tui/model.go:1037.2,1038.34 2 0
github.com/jfox85/devx/tui/model.go:1038.34,1040.33 2 0
github.com/jfox85/devx/tui/model.go:1040.33,1042.4 1 0
github.com/jfox85/devx/tui/model.go:1046.2,1052.29 4 0
github.com/jfox85/devx/tui/model.go:1052.29,1054.3 1 0
github.com/jfox85/devx/tui/model.go:1055.2,1055.29 1 0
github.com/jfox85/devx/tui/model.go:1055.29,1057.3 1 0
github.com/jfox85/devx/tui/model.go:1059.2,1059.21 1 0
github.com/jfox85/devx/tui/model.go:1062.41,1063.66 1 0
github.com/jfox85/devx/tui/model.go:1063.66,1065.3 1 0
github.com/jfox85/devx/tui/model.go:1068.42,1069.59 1 0
github.com/jfox85/devx/tui/model.go:1069.59,1071.3 1 0
github.com/jfox85/devx/tui/model.go:1074.43,1075.24 1 0
github.com/jfox85/devx/tui/model.go:1075.24,1078.17 2 0
github.com/jfox85/devx/tui/model.go:1078.17,1080.4 1 0
github.com/jfox85/devx/tui/model.go:1083.3,1084.17 2 0
github.com/jfox85/devx/tui/model.go:1084.17,1086.4 1 0
github.com/jfox85/devx/tui/model.go:1089.3,1090.42 2 0
github.com/jfox85/devx/tui/model.go:1090.42,1097.50 2 0
github.com/jfox85/devx/tui/model.go:1097.50,1098.41 1 0
github.com/jfox85/devx/tui/model.go:1098.41,1100.11 2 0
github.com/jfox85/devx/tui/model.go:1104.4,1104.29 1 0
github.com/jfox85/devx/tui/model.go:1108.3,1109.17 2 0
github.com/jfox85/devx/tui/model.go:1109.17,1111.4 1 0
github.com/jfox85/devx/tui/model.go:1114.3,1115.27 2 0
github.com/jfox85/devx/tui/model.go:1115.27,1117.4 1 0
github.com/jfox85/devx/tui/model.go:1117.9,1117.34 1 0
github.com/jfox85/devx/tui/model.go:1117.34,1119.4 1 0
github.com/jfox85/devx/tui/model.go:1119.9,1119.57 1 0
github.com/jfox85/devx/tui/model.go:1119.57,1122.4 2 0
github.com/jfox85/devx/tui/model.go:1124.3,1124.42 1 0
github.com/jfox85/devx/tui/model.go:1128.36,1132.2 1 0
github.com/jfox85/devx/tui/model.go:1134.37,1137.2 1 0
github.com/jfox85/devx/tui/model.go:1139.39,1140.27 1 0
github.com/jfox85/devx/tui/model.go:1140.27,1143.3 1 0
github.com/jfox85/devx/tui/model.go:1145.2,1148.39 3 0
github.com/jfox85/devx/tui/model.go:1148.39,1150.28 2 0
github.com/jfox85/devx/tui/model.go:1150.28,1152.4 1 0
github.com/jfox85/devx/tui/model.go:1154.3,1155.52 2 0
github.com/jfox85/devx/tui/model.go:1158.2,1158.19 1 0
github.com/jfox85/devx/tui/model.go:1161.43,1162.26 1 0
github.com/jfox85/devx/tui/model.go:1162.26,1166.3 1 0
github.com/jfox85/devx/tui/model.go:1168.2,1171.37 3 0
github.com/jfox85/devx/tui/model.go:1171.37,1173.27 2 0
github.com/jfox85/devx/tui/model.go:1173.27,1175.4 1 0
github.com/jfox85/devx/tui/model.go:1177.3,1178.24 2 0
github.com/jfox85/devx/tui/model.go:1178.24,1180.4 1 0
github.com/jfox85/devx/tui/model.go:1182.3,1184.28 3 0
github.com/jfox85/devx/tui/model.go:1184.28,1186.4 1 0
github.com/jfox85/devx/tui/model.go:1189.2,1189.19 1 0
github.com/jfox85/devx/tui/model.go:1192.47,1194.24 1 0
github.com/jfox85/devx/tui/model.go:1194.24,1196.17 2 0
github.com/jfox85/devx/tui/model.go:1196.17,1198.4 1 0
github.com/jfox85/devx/tui/model.go:1201.3,1201.34 1 0
github.com/jfox85/devx/tui/model.go:1201.34,1202.41 1 0
github.com/jfox85/devx/tui/model.go:1202.41,1204.10 2 0
github.com/jfox85/devx/tui/model.go:1206.4,1206.38 1 0
github.com/jfox85/devx/tui/model.go:1210.3,1210.37 1 0
github.com/jfox85/devx/tui/model.go:1214.51,1215.66 1 0
github.com/jfox85/devx/tui/model.go:1215.66,1216.17 1 0
github.com/jfox85/devx/tui/model.go:1216.17,1218.4 1 0
github.com/jfox85/devx/tui/model.go:1220.3,1220.30 1 0
github.com/jfox85/devx/tui/model.go:1224.51,1225.24 1 0
github.com/jfox85/devx/tui/model.go:1225.24,1231.17 3 0
github.com/jfox85/devx/tui/model.go:1231.17,1234.23 2 0
github.com/jfox85/devx/tui/model.go:1234.23,1238.5 2 0
github.com/jfox85/devx/tui/model.go:1239.4,1239.43 1 0
github.com/jfox85/devx/tui/model.go:1242.3,1242.46 1 0
github.com/jfox85/devx/tui/model.go:1246.51,1247.24 1 0
github.com/jfox85/devx/tui/model.go:1247.24,1250.35 2 0
github.com/jfox85/devx/tui/model.go:1250.35,1252.4 1 0
github.com/jfox85/devx/tui/model.go:1253.3,1253.29 1 0
github.com/jfox85/devx/tui/model.go:1257.39,1260.2 2 0
github.com/jfox85/devx/tui/model.go:1262.48,1264.19 2 0
github.com/jfox85/devx/tui/model.go:1264.19,1266.3 1 0
github.com/jfox85/devx/tui/model.go:1267.2,1270.19 2 0
github.com/jfox85/devx/tui/model.go:1270.19,1273.17 2 0
github.com/jfox85/devx/tui/model.go:1273.17,1274.61 1 0
github.com/jfox85/devx/tui/model.go:1274.61,1276.5 1 0
github.com/jfox85/devx/tui/model.go:1278.8,1281.20 2 0
github.com/jfox85/devx/tui/model.go:1281.20,1283.4 1 0
github.com/jfox85/devx/tui/model.go:1286.2,1286.12 1 0
github.com/jfox85/devx/tui/model.go:1289.27,1292.16 2 0
github.com/jfox85/devx/tui/model.go:1292.16,1294.3 1 0
github.com/jfox85/devx/tui/model.go:1297.2,1297.6 1 0
github.com/jfox85/devx/tui/model.go:1297.6,1298.64 1 0
github.com/jfox85/devx/tui/model.go:1298.64,1300.4 1 0
github.com/jfox85/devx/tui/model.go:1302.3,1303.20 2 0
github.com/jfox85/devx/tui/model.go:1303.20,1305.9 1 0
github.com/jfox85/devx/tui/model.go:1307.3,1307.15 1 0
github.com/jfox85/devx/tui/model.go:1310.2,1310.11 1 0
github.com/jfox85/devx/tui/model.go:1313.39,1315.2 1 0
github.com/jfox85/devx/tui/model.go:1317.55,1318.24 1 0
github.com/jfox85/devx/tui/model.go:1318.24,1320.17 2 0
github.com/jfox85/devx/tui/model.go:1320.17,1322.4 1 0
github.com/jfox85/devx/tui/model.go:1324.3,1325.39 2 0
github.com/jfox85/devx/tui/model.go:1325.39,1327.4 1 0
github.com/jfox85/devx/tui/model.go:1330.3,1330.40 1 0
github.com/jfox85/devx/tui/model.go:1330.40,1332.39 2 0
github.com/jfox85/devx/tui/model.go:1332.39,1334.5 1 0
github.com/jfox85/devx/tui/model.go:1337.3,1337.13 1 0
github.com/jfox85/devx/tui/model.go:1341.32,1344.22 2 0
github.com/jfox85/devx/tui/model.go:1345.16,1346.34 1 0
github.com/jfox85/devx/tui/model.go:1347.15,1348.38 1 0
github.com/jfox85/devx/tui/model.go:1349.17,1350.69 1 0
github.com/jfox85/devx/tui/model.go:1351.10,1352.44 1 0
github.com/jfox85/devx/tui/model.go:1355.2,1355.20 1 0
github.com/jfox85/devx/tui/model.go:1358.57,1359.24 1 0
github.com/jfox85/devx/tui/model.go:1359.24,1361.17 2 0
github.com/jfox85/devx/tui/model.go:1361.17,1363.4 1 0
github.com/jfox85/devx/tui/model.go:1365.3,1366.14 2 0
github.com/jfox85/devx/tui/model.go:1366.14,1368.4 1 0
github.com/jfox85/devx/tui/model.go:1371.3,1372.17 2 0
github.com/jfox85/devx/tui/model.go:1372.17,1374.4 1 0
github.com/jfox85/devx/tui/model.go:1376.3,1376.13 1 0
github.com/jfox85/devx/tui/model.go:1380.58,1381.24 1 0
github.com/jfox85/devx/tui/model.go:1381.24,1383.17 2 0
github.com/jfox85/devx/tui/model.go:1383.17,1385.4 1 0
github.com/jfox85/devx/tui/model.go:1388.3,1388.24 1 0
github.com/jfox85/devx/tui/model.go:1388.24,1390.14 2 0
github.com/jfox85/devx/tui/model.go:1390.14,1392.42 2 0
github.com/jfox85/devx/tui/model.go:1392.42,1395.33 2 0
github.com/jfox85/devx/tui/model.go:1395.33,1397.7 1 0
github.com/jfox85/devx/tui/model.go:1397.12,1399.7 1 0
github.com/jfox85/devx/tui/model.go:1401.5,1402.52 2 0
github.com/jfox85/devx/tui/model.go:1408.3,1410.17 3 0
github.com/jfox85/devx/tui/model.go:1410.17,1413.40 2 0
github.com/jfox85/devx/tui/model.go:1413.40,1414.42 1 0
github.com/jfox85/devx/tui/model.go:1414.42,1417.33 2 0
github.com/jfox85/devx/tui/model.go:1417.33,1419.7 1 0
github.com/jfox85/devx/tui/model.go:1419.12,1421.7 1 0
github.com/jfox85/devx/tui/model.go:1425.4,1426.38 2 0
github.com/jfox85/devx/tui/model.go:1426.38,1428.5 1 0
github.com/jfox85/devx/tui/model.go:1429.4,1430.51 2 0
github.com/jfox85/devx/tui/model.go:1434.3,1435.32 2 0
github.com/jfox85/devx/tui/model.go:1435.32,1436.38 1 0
github.com/jfox85/devx/tui/model.go:1436.38,1437.37 1 0
github.com/jfox85/devx/tui/model.go:1437.37,1439.47 1 0
github.com/jfox85/devx/tui/model.go:1439.47,1442.7 2 0
github.com/jfox85/devx/tui/model.go:1448.3,1449.37 2 0
github.com/jfox85/devx/tui/model.go:1449.37,1451.4 1 0
github.com/jfox85/devx/tui/model.go:1452.3,1453.50 2 0
github.com/jfox85/devx/tui/model.go:1457.54,1458.24 1 0
github.com/jfox85/devx/tui/model.go:1458.24,1460.38 2 0
github.com/jfox85/devx/tui/model.go:1460.38,1462.4 1 0
github.com/jfox85/devx/tui/model.go:1463.3,1463.13 1 0
github.com/jfox85/devx/tui/model.go:1467.47,1472.23 3 0
github.com/jfox85/devx/tui/model.go:1472.23,1476.3 1 0
github.com/jfox85/devx/tui/model.go:1478.2,1478.26 1 0
github.com/jfox85/devx/tui/model.go:1478.26,1482.3 3 0
github.com/jfox85/devx/tui/model.go:1485.2,1485.37 1 0
github.com/jfox85/devx/tui/model.go:1485.37,1487.27 2 0
github.com/jfox85/devx/tui/model.go:1487.27,1489.4 1 0
github.com/jfox85/devx/tui/model.go:1492.3,1493.35 2 0
github.com/jfox85/devx/tui/model.go:1493.35,1494.42 1 0
github.com/jfox85/devx/tui/model.go:1494.42,1496.5 1 0
github.com/jfox85/devx/tui/model.go:1499.3,1502.32 4 0
github.com/jfox85/devx/tui/model.go:1502.32,1504.4 1 0
github.com/jfox85/devx/tui/model.go:1505.3,1505.28 1 0
github.com/jfox85/devx/tui/model.go:1505.28,1507.4 1 0
github.com/jfox85/devx/tui/model.go:1510.2,1510.19 1 0
github.com/jfox85/devx/tui/model.go:1513.40,1518.2 1 0
github.com/jfox85/devx/tui/model.go:1520.52,1521.24 1 0
github.com/jfox85/devx/tui/model.go:1521.24,1523.17 2 0
github.com/jfox85/devx/tui/model.go:1523.17,1525.4 1 0
github.com/jfox85/devx/tui/model.go:1528.3,1529.17 2 0
github.com/jfox85/devx/tui/model.go:1529.17,1531.4 1 0
github.com/jfox85/devx/tui/model.go:1532.3,1533.39 2 0
github.com/jfox85/devx/tui/model.go:1533.39,1538.4 1 0
github.com/jfox85/devx/tui/model.go:1540.3,1541.49 2 0
github.com/jfox85/devx/tui/model.go:1541.49,1548.4 1 0
github.com/jfox85/devx/tui/model.go:1551.3,1551.44 1 0
github.com/jfox85/devx/tui/model.go:1551.44,1553.4 1 0
github.com/jfox85/devx/tui/model.go:1555.3,1555.47 1 0
github.com/jfox85/devx/tui/model.go:1559.48,1560.24 1 0
github.com/jfox85/devx/tui/model.go:1560.24,1562.36 1 0
github.com/jfox85/devx/tui/model.go:1562.36,1564.18 2 0
github.com/jfox85/devx/tui/model.go:1564.18,1566.5 1 0
github.com/jfox85/devx/tui/model.go:1567.4,1567.40 1 0
github.com/jfox85/devx/tui/model.go:1571.3,1572.17 2 0
github.com/jfox85/devx/tui/model.go:1572.17,1574.4 1 0
github.com/jfox85/devx/tui/model.go:1577.3,1577.48 1 0
github.com/jfox85/devx/tui/model.go:1577.48,1578.26 1 0
github.com/jfox85/devx/tui/model.go:1578.26,1580.5 1 0
github.com/jfox85/devx/tui/model.go:1581.4,1581.68 1 0
github.com/jfox85/devx/tui/model.go:1582.9,1582.27 1 0
github.com/jfox85/devx/tui/model.go:1582.27,1584.4 1 0
github.com/jfox85/devx/tui/model.go:1587.3,1588.45 2 0
github.com/jfox85/devx/tui/model.go:1588.45,1590.4 1 0
github.com/jfox85/devx/tui/model.go:1593.3,1595.60 3 0
github.com/jfox85/devx/tui/model.go:1595.60,1597.4 1 0
github.com/jfox85/devx/tui/model.go:1600.3,1607.17 4 0
github.com/jfox85/devx/tui/model.go:1607.17,1609.4 1 0
github.com/jfox85/devx/tui/model.go:1611.3,1616.61 2 0
github.com/jfox85/devx/tui/model.go:1616.61,1618.4 1 0
github.com/jfox85/devx/tui/model.go:1621.3,1626.4 1 0
github.com/jfox85/devx/tui/model.go:1630.44,1632.16 2 0
github.com/jfox85/devx/tui/model.go:1632.16,1635.3 2 0
github.com/jfox85/devx/tui/model.go:1637.2,1637.54 1 0
github.com/jfox85/devx/tui/model.go:1637.54,1640.3 2 0
github.com/jfox85/devx/tui/model.go:1643.2,1643.34 1 0
github.com/jfox85/devx/tui/run.go:11.18,19.16 3 0
github.com/jfox85/devx/tui/run.go:19.16,21.3 1 0
github.com/jfox85/devx/tui/run.go:23.2,23.12 1 0
github.com/jfox85/devx/tui/run.go:27.26,29.23 1 0
github.com/jfox85/devx/tui/run.go:29.23,31.3 1 0
github.com/jfox85/devx/tui/run.go:32.2,32.12 1 0
github.com/jfox85/devx/caddy/health.go:33.85,41.54 3 0
github.com/jfox85/devx/caddy/health.go:41.54,45.3 3 0
github.com/jfox85/devx/caddy/health.go:46.2,50.16 3 0
github.com/jfox85/devx/caddy/health.go:50.16,52.3 1 0
github.com/jfox85/devx/caddy/health.go:56.2,59.31 3 0
github.com/jfox85/devx/caddy/health.go:59.31,60.47 1 0
github.com/jfox85/devx/caddy/health.go:60.47,62.4 1 0
github.com/jfox85/devx/caddy/health.go:62.9,62.28 1 0
github.com/jfox85/devx/caddy/health.go:62.28,64.4 1 0
github.com/jfox85/devx/caddy/health.go:68.2,68.76 1 0
github.com/jfox85/devx/caddy/health.go:68.76,70.3 1 0
github.com/jfox85/devx/caddy/health.go:73.2,74.31 2 0
github.com/jfox85/devx/caddy/health.go:74.31,75.21 1 0
github.com/jfox85/devx/caddy/health.go:75.21,77.4 1 0
github.com/jfox85/devx/caddy/health.go:81.2,81.49 1 0
github.com/jfox85/devx/caddy/health.go:81.49,82.52 1 0
github.com/jfox85/devx/caddy/health.go:82.52,91.38 4 0
github.com/jfox85/devx/caddy/health.go:91.38,94.5 2 0
github.com/jfox85/devx/caddy/health.go:96.4,107.59 3 0
github.com/jfox85/devx/caddy/health.go:107.59,115.25 5 0
github.com/jfox85/devx/caddy/health.go:115.25,117.6 1 0
github.com/jfox85/devx/caddy/health.go:120.4,120.63 1 0
github.com/jfox85/devx/caddy/health.go:124.2,124.20 1 0
github.com/jfox85/devx/caddy/health.go:135.86,138.26 2 0
github.com/jfox85/devx/caddy/health.go:138.26,140.3 1 0
github.com/jfox85/devx/caddy/health.go:143.2,143.26 1 0
github.com/jfox85/devx/caddy/health.go:143.26,145.47 2 0
github.com/jfox85/devx/caddy/health.go:145.47,147.4 1 0
github.com/jfox85/devx/caddy/health.go:151.2,152.46 2 0
github.com/jfox85/devx/caddy/health.go:152.46,153.21 1 0
github.com/jfox85/devx/caddy/health.go:153.21,157.26 3 0
github.com/jfox85/devx/caddy/health.go:157.26,159.13 2 0
github.com/jfox85/devx/caddy/health.go:163.4,170.18 3 0
github.com/jfox85/devx/caddy/health.go:170.18,173.5 1 0
github.com/jfox85/devx/caddy/health.go:177.2,177.21 1 0
github.com/jfox85/devx/caddy/health.go:177.21,179.3 1 0
github.com/jfox85/devx/caddy/health.go:182.2,182.26 1 0
github.com/jfox85/devx/caddy/health.go:182.26,184.47 2 0
github.com/jfox85/devx/caddy/health.go:184.47,186.4 1 0
github.com/jfox85/devx/caddy/health.go:189.2,189.12 1 0
github.com/jfox85/devx/caddy/provisioning.go:11.50,20.31 4 3
github.com/jfox85/devx/caddy/provisioning.go:20.31,21.67 1 7
github.com/jfox85/devx/caddy/provisioning.go:21.67,23.4 1 7
github.com/jfox85/devx/caddy/provisioning.go:27.2,28.36 2 3
github.com/jfox85/devx/caddy/provisioning.go:28.36,30.3 1 0
github.com/jfox85/devx/caddy/provisioning.go:32.2,32.14 1 3
github.com/jfox85/devx/caddy/provisioning.go:37.101,39.2 1 1
github.com/jfox85/devx/caddy/provisioning.go:42.133,44.36 1 1
github.com/jfox85/devx/caddy/provisioning.go:44.36,46.3 1 0
github.com/jfox85/devx/caddy/provisioning.go:48.2,51.54 2 1
github.com/jfox85/devx/caddy/provisioning.go:51.54,54.3 2 0
github.com/jfox85/devx/caddy/provisioning.go:57.2,58.16 2 1
github.com/jfox85/devx/caddy/provisioning.go:58.16,60.40 2 1
github.com/jfox85/devx/caddy/provisioning.go:60.40,61.22 1 62
github.com/jfox85/devx/caddy/provisioning.go:61.22,63.10 2 1
github.com/jfox85/devx/caddy/provisioning.go:68.3,68.18 1 1
github.com/jfox85/devx/caddy/provisioning.go:68.18,69.17 1 1
github.com/jfox85/devx/caddy/provisioning.go:69.17,71.49 1 1
github.com/jfox85/devx/caddy/provisioning.go:71.49,73.6 1 0
github.com/jfox85/devx/caddy/provisioning.go:78.2,81.42 3 1
github.com/jfox85/devx/caddy/provisioning.go:81.42,85.27 2 3
github.com/jfox85/devx/caddy/provisioning.go:85.27,87.12 2 0
github.com/jfox85/devx/caddy/provisioning.go:90.3,91.17 2 3
github.com/jfox85/devx/caddy/provisioning.go:91.17,93.12 2 0
github.com/jfox85/devx/caddy/provisioning.go:97.3,98.25 2 3
github.com/jfox85/devx/caddy/provisioning.go:98.25,100.4 1 0
github.com/jfox85/devx/caddy/provisioning.go:101.3,105.25 3 3
github.com/jfox85/devx/caddy/provisioning.go:105.25,107.4 1 0
github.com/jfox85/devx/caddy/provisioning.go:109.3,109.70 1 3
github.com/jfox85/devx/caddy/provisioning.go:112.2,112.21 1 1
github.com/jfox85/devx/caddy/provisioning.go:112.21,114.3 1 0
github.com/jfox85/devx/caddy/provisioning.go:116.2,116.20 1 1
github.com/jfox85/devx/caddy/provisioning.go:120.79,122.36 1 0
github.com/jfox85/devx/caddy/provisioning.go:122.36,124.3 1 0
github.com/jfox85/devx/caddy/provisioning.go:126.2,129.54 2 0
github.com/jfox85/devx/caddy/provisioning.go:129.54,132.3 2 0
github.com/jfox85/devx/caddy/provisioning.go:135.2,135.64 1 0
github.com/jfox85/devx/caddy/provisioning.go:135.64,137.3 1 0
github.com/jfox85/devx/caddy/provisioning.go:139.2,140.12 2 0
github.com/jfox85/devx/caddy/provisioning.go:144.47,147.16 2 1
github.com/jfox85/devx/caddy/provisioning.go:147.16,149.3 1 0
github.com/jfox85/devx/caddy/provisioning.go:152.2,153.31 2 1
github.com/jfox85/devx/caddy/provisioning.go:153.31,154.21 1 65
github.com/jfox85/devx/caddy/provisioning.go:154.21,156.4 1 64
github.com/jfox85/devx/caddy/provisioning.go:156.9,158.4 1 1
github.com/jfox85/devx/caddy/provisioning.go:162.2,162.90 1 1
github.com/jfox85/devx/caddy/provisioning.go:162.90,165.32 2 1
github.com/jfox85/devx/caddy/provisioning.go:165.32,166.22 1 63
github.com/jfox85/devx/caddy/provisioning.go:166.22,168.5 1 1
github.com/jfox85/devx/caddy/provisioning.go:168.10,168.28 1 62
github.com/jfox85/devx/caddy/provisioning.go:168.28,170.10 1 1
github.com/jfox85/devx/caddy/provisioning.go:173.3,173.55 1 1
github.com/jfox85/devx/caddy/provisioning.go:173.55,176.4 1 0
github.com/jfox85/devx/caddy/provisioning.go:180.2,183.63 2 1
github.com/jfox85/devx/caddy/provisioning.go:183.63,185.3 1 0
github.com/jfox85/devx/caddy/provisioning.go:187.2,187.12 1 1
github.com/jfox85/devx/caddy/routes.go:50.36,52.20 2 2
github.com/jfox85/devx/caddy/routes.go:52.20,54.3 1 2
github.com/jfox85/devx/caddy/routes.go:56.2,62.3 3 2
github.com/jfox85/devx/caddy/routes.go:66.94,68.2 1 1
github.com/jfox85/devx/caddy/routes.go:71.126,79.24 3 4
github.com/jfox85/devx/caddy/routes.go:79.24,81.3 1 0
github.com/jfox85/devx/caddy/routes.go:84.2,85.24 2 4
github.com/jfox85/devx/caddy/routes.go:85.24,87.3 1 0
github.com/jfox85/devx/caddy/routes.go:89.2,107.16 3 4
github.com/jfox85/devx/caddy/routes.go:107.16,109.3 1 0
github.com/jfox85/devx/caddy/routes.go:112.2,117.16 2 4
github.com/jfox85/devx/caddy/routes.go:117.16,119.3 1 0
github.com/jfox85/devx/caddy/routes.go:121.2,121.83 1 4
github.com/jfox85/devx/caddy/routes.go:121.83,123.3 1 0
github.com/jfox85/devx/caddy/routes.go:126.2,127.18 2 4
github.com/jfox85/devx/caddy/routes.go:131.57,135.16 3 1
github.com/jfox85/devx/caddy/routes.go:135.16,137.3 1 0
github.com/jfox85/devx/caddy/routes.go:139.2,139.129 1 1
github.com/jfox85/devx/caddy/routes.go:139.129,141.3 1 0
github.com/jfox85/devx/caddy/routes.go:143.2,143.12 1 1
github.com/jfox85/devx/caddy/routes.go:147.69,150.16 2 1
github.com/jfox85/devx/caddy/routes.go:150.16,152.3 1 0
github.com/jfox85/devx/caddy/routes.go:156.2,158.31 2 1
github.com/jfox85/devx/caddy/routes.go:158.31,161.136 1 63
github.com/jfox85/devx/caddy/routes.go:161.136,162.50 1 1
github.com/jfox85/devx/caddy/routes.go:162.50,164.5 1 0
github.com/jfox85/devx/caddy/routes.go:168.2,168.21 1 1
github.com/jfox85/devx/caddy/routes.go:168.21,170.3 1 0
github.com/jfox85/devx/caddy/routes.go:172.2,172.12 1 1
github.com/jfox85/devx/caddy/routes.go:176.55,178.16 2 3
github.com/jfox85/devx/caddy/routes.go:178.16,180.3 1 0
github.com/jfox85/devx/caddy/routes.go:182.2,182.40 1 3
github.com/jfox85/devx/caddy/routes.go:182.40,184.3 1 0
github.com/jfox85/devx/caddy/routes.go:187.2,188.61 2 3
github.com/jfox85/devx/caddy/routes.go:188.61,190.3 1 0
github.com/jfox85/devx/caddy/routes.go:192.2,192.20 1 3
github.com/jfox85/devx/caddy/routes.go:197.52,199.16 2 2
github.com/jfox85/devx/caddy/routes.go:199.16,201.3 1 0
github.com/jfox85/devx/caddy/routes.go:203.2,203.40 1 2
github.com/jfox85/devx/caddy/routes.go:203.40,205.3 1 0
github.com/jfox85/devx/caddy/routes.go:207.2,207.12 1 2
github.com/jfox85/devx/caddy/routes.go:211.48,219.21 3 11
github.com/jfox85/devx/caddy/routes.go:220.31,221.14 1 3
github.com/jfox85/devx/caddy/routes.go:222.24,223.15 1 2
github.com/jfox85/devx/caddy/routes.go:224.24,225.14 1 2
github.com/jfox85/devx/caddy/routes.go:226.10,228.51 1 4
github.com/jfox85/devx/caddy/routes.go:233.62,236.16 2 1
github.com/jfox85/devx/caddy/routes.go:236.16,238.3 1 0
github.com/jfox85/devx/caddy/routes.go:240.2,240.85 1 1
github.com/jfox85/devx/caddy/routes.go:240.85,242.3 1 0
github.com/jfox85/devx/caddy/routes.go:245.2,246.16 2 1
github.com/jfox85/devx/caddy/routes.go:246.16,248.3 1 0
github.com/jfox85/devx/caddy/routes.go:250.2,255.16 2 1
github.com/jfox85/devx/caddy/routes.go:255.16,257.3 1 0
github.com/jfox85/devx/caddy/routes.go:259.2,259.83 1 1
github.com/jfox85/devx/caddy/routes.go:259.83,261.3 1 0
github.com/jfox85/devx/caddy/routes.go:263.2,263.12 1 1
github.com/jfox85/devx/config/config.go:18.36,21.16 3 3
github.com/jfox85/devx/config/config.go:21.16,23.3 1 0
github.com/jfox85/devx/config/config.go:26.2,26.60 1 3
github.com/jfox85/devx/config/config.go:26.60,28.17 2 3
github.com/jfox85/devx/config/config.go:28.17,30.4 1 0
github.com/jfox85/devx/config/config.go:31.3,31.65 1 3
github.com/jfox85/devx/config/config.go:34.2,34.18 1 3
github.com/jfox85/devx/config/config.go:37.36,40.54 2 0
github.com/jfox85/devx/config/config.go:40.54,42.3 1 0
github.com/jfox85/devx/config/config.go:45.2,51.40 5 0
github.com/jfox85/devx/config/config.go:54.45,56.2 1 0
github.com/jfox85/devx/config/config.go:58.58,61.2 2 0
github.com/jfox85/devx/config/discovery.go:11.36,13.16 2 0
github.com/jfox85/devx/config/discovery.go:13.16,15.3 1 0
github.com/jfox85/devx/config/discovery.go:17.2,17.42 1 0
github.com/jfox85/devx/config/discovery.go:22.60,25.6 2 0
github.com/jfox85/devx/config/discovery.go:25.6,29.65 2 0
github.com/jfox85/devx/config/discovery.go:29.65,31.4 1 0
github.com/jfox85/devx/config/discovery.go:34.3,37.32 2 0
github.com/jfox85/devx/config/discovery.go:37.32,38.9 1 0
github.com/jfox85/devx/config/discovery.go:41.3,41.27 1 0
github.com/jfox85/devx/config/discovery.go:44.2,44.11 1 0
github.com/jfox85/devx/config/discovery.go:48.29,50.60 1 0
github.com/jfox85/devx/config/discovery.go:50.60,52.48 2 0
github.com/jfox85/devx/config/discovery.go:52.48,54.4 1 0
github.com/jfox85/devx/config/discovery.go:58.2,59.16 2 0
github.com/jfox85/devx/config/discovery.go:59.16,61.3 1 0
github.com/jfox85/devx/config/discovery.go:63.2,63.62 1 0
github.com/jfox85/devx/config/discovery.go:68.31,70.16 2 0
github.com/jfox85/devx/config/discovery.go:70.16,72.3 1 0
github.com/jfox85/devx/config/discovery.go:74.2,74.64 1 0
github.com/jfox85/devx/config/discovery.go:78.35,80.60 1 0
github.com/jfox85/devx/config/discovery.go:80.60,82.50 2 0
github.com/jfox85/devx/config/discovery.go:82.50,84.4 1 0
github.com/jfox85/devx/config/discovery.go:88.2,89.16 2 0
github.com/jfox85/devx/config/discovery.go:89.16,91.3 1 0
github.com/jfox85/devx/config/discovery.go:93.2,93.68 1 0
github.com/jfox85/devx/config/discovery.go:97.28,99.60 1 0
github.com/jfox85/devx/config/discovery.go:99.60,101.3 1 0
github.com/jfox85/devx/config/discovery.go:104.2,105.16 2 0
github.com/jfox85/devx/config/discovery.go:105.16,107.3 1 0
github.com/jfox85/devx/config/discovery.go:109.2,109.47 1 0
github.com/jfox85/devx/config/projects.go:26.54,31.47 3 0
github.com/jfox85/devx/config/projects.go:31.47,33.3 1 0
github.com/jfox85/devx/config/projects.go:36.2,36.57 1 0
github.com/jfox85/devx/config/projects.go:36.57,38.3 1 0
github.com/jfox85/devx/config/projects.go:40.2,41.16 2 0
github.com/jfox85/devx/config/projects.go:41.16,43.3 1 0
github.com/jfox85/devx/config/projects.go:45.2,46.56 2 0
github.com/jfox85/devx/config/projects.go:46.56,48.3 1 0
github.com/jfox85/devx/config/projects.go:50.2,50.30 1 0
github.com/jfox85/devx/config/projects.go:50.30,52.3 1 0
github.com/jfox85/devx/config/projects.go:54.2,54.23 1 0
github.com/jfox85/devx/config/projects.go:58.40,62.16 3 0
github.com/jfox85/devx/config/projects.go:62.16,64.3 1 0
github.com/jfox85/devx/config/projects.go:66.2,66.63 1 0
github.com/jfox85/devx/config/projects.go:66.63,68.3 1 0
github.com/jfox85/devx/config/projects.go:70.2,70.12 1 0
github.com/jfox85/devx/config/projects.go:74.76,75.23 1 0
github.com/jfox85/devx/config/projects.go:75.23,77.3 1 0
github.com/jfox85/devx/config/projects.go:80.2,80.49 1 0
github.com/jfox85/devx/config/projects.go:80.49,82.3 1 0
github.com/jfox85/devx/config/projects.go:85.2,86.16 2 0
github.com/jfox85/devx/config/projects.go:86.16,88.3 1 0
github.com/jfox85/devx/config/projects.go:89.2,92.17 3 0
github.com/jfox85/devx/config/projects.go:96.61,97.45 1 0
github.com/jfox85/devx/config/projects.go:97.45,99.3 1 0
github.com/jfox85/devx/config/projects.go:101.2,102.17 2 0
github.com/jfox85/devx/config/projects.go:106.70,108.13 2 0
github.com/jfox85/devx/config/projects.go:108.13,110.3 1 0
github.com/jfox85/devx/config/projects.go:111.2,111.21 1 0
github.com/jfox85/devx/config/projects.go:115.38,117.16 2 0
github.com/jfox85/devx/config/projects.go:117.16,119.3 1 0
github.com/jfox85/devx/config/projects.go:121.2,121.64 1 0
github.com/jfox85/devx/config/projects.go:125.84,127.16 2 0
github.com/jfox85/devx/config/projects.go:127.16,129.3 1 0
github.com/jfox85/devx/config/projects.go:131.2,131.41 1 0
github.com/jfox85/devx/config/projects.go:131.41,132.30 1 0
github.com/jfox85/devx/config/projects.go:132.30,134.4 1 0
github.com/jfox85/devx/config/projects.go:137.2,137.21 1 0
github.com/jfox85/devx/config/projects.go:141.53,143.2 1 0
github.com/jfox85/devx/config/projects.go:146.60,150.55 2 0
github.com/jfox85/devx/config/projects.go:150.55,153.3 1 0
github.com/jfox85/devx/config/projects.go:156.2,159.41 3 0
github.com/jfox85/devx/config/projects.go:159.41,161.3 1 0
github.com/jfox85/devx/config/projects.go:163.2,164.42 2 0
github.com/jfox85/devx/config/projects.go:164.42,166.3 1 0
github.com/jfox85/devx/config/projects.go:168.2,168.18 1 0
github.com/jfox85/devx/session/bootstrap.go:13.65,15.30 2 0
github.com/jfox85/devx/session/bootstrap.go:15.30,17.3 1 0
github.com/jfox85/devx/session/bootstrap.go:19.2,21.41 2 0
github.com/jfox85/devx/session/bootstrap.go:21.41,24.20 2 0
github.com/jfox85/devx/session/bootstrap.go:24.20,25.12 1 0
github.com/jfox85/devx/session/bootstrap.go:29.3,29.30 1 0
github.com/jfox85/devx/session/bootstrap.go:29.30,31.4 1 0
github.com/jfox85/devx/session/bootstrap.go:34.3,35.41 2 0
github.com/jfox85/devx/session/bootstrap.go:35.41,37.4 1 0
github.com/jfox85/devx/session/bootstrap.go:39.3,43.56 3 0
github.com/jfox85/devx/session/bootstrap.go:43.56,45.12 2 0
github.com/jfox85/devx/session/bootstrap.go:49.3,49.56 1 0
github.com/jfox85/devx/session/bootstrap.go:49.56,51.4 1 0
github.com/jfox85/devx/session/bootstrap.go:53.3,53.40 1 0
github.com/jfox85/devx/session/bootstrap.go:56.2,56.12 1 0
github.com/jfox85/devx/session/bootstrap.go:60.50,63.16 2 0
github.com/jfox85/devx/session/bootstrap.go:63.16,65.3 1 0
github.com/jfox85/devx/session/bootstrap.go:68.2,69.51 2 0
github.com/jfox85/devx/session/bootstrap.go:69.51,71.3 1 0
github.com/jfox85/devx/session/bootstrap.go:74.2,75.16 2 0
github.com/jfox85/devx/session/bootstrap.go:75.16,77.3 1 0
github.com/jfox85/devx/session/bootstrap.go:80.2,80.78 1 0
github.com/jfox85/devx/session/bootstrap.go:80.78,82.3 1 0
github.com/jfox85/devx/session/bootstrap.go:84.2,84.12 1 0
github.com/jfox85/devx/session/bootstrap.go:88.39,90.16 2 0
github.com/jfox85/devx/session/bootstrap.go:90.16,92.3 1 0
github.com/jfox85/devx/session/bootstrap.go:95.2,96.6 2 0
github.com/jfox85/devx/session/bootstrap.go:96.6,98.64 2 0
github.com/jfox85/devx/session/bootstrap.go:98.64,100.4 1 0
github.com/jfox85/devx/session/bootstrap.go:103.3,106.32 2 0
github.com/jfox85/devx/session/bootstrap.go:106.32,107.9 1 0
github.com/jfox85/devx/session/bootstrap.go:110.3,110.27 1 0
github.com/jfox85/devx/session/bootstrap.go:113.2,113.50 1 0
github.com/jfox85/devx/session/cleanup.go:14.45,16.22 2 0
github.com/jfox85/devx/session/cleanup.go:16.22,18.3 1 0
github.com/jfox85/devx/session/cleanup.go:20.2,26.74 3 0
github.com/jfox85/devx/session/cleanup.go:26.74,28.3 1 0
github.com/jfox85/devx/session/cleanup.go:30.2,31.12 2 0
github.com/jfox85/devx/session/cleanup.go:35.56,43.44 3 0
github.com/jfox85/devx/session/cleanup.go:43.44,49.3 3 0
github.com/jfox85/devx/session/cleanup.go:52.2,52.26 1 0
github.com/jfox85/devx/session/cleanup.go:52.26,53.40 1 0
github.com/jfox85/devx/session/cleanup.go:53.40,63.4 4 0
github.com/jfox85/devx/session/cleanup.go:67.2,72.12 3 0
github.com/jfox85/devx/session/cleanup.go:76.76,80.21 2 0
github.com/jfox85/devx/session/cleanup.go:80.21,82.3 1 0
github.com/jfox85/devx/session/cleanup.go:85.2,97.36 7 0
github.com/jfox85/devx/session/cleanup.go:97.36,99.3 1 0
github.com/jfox85/devx/session/cleanup.go:102.2,103.12 2 0
github.com/jfox85/devx/session/cleanup.go:103.12,105.3 1 0
github.com/jfox85/devx/session/cleanup.go:107.2,107.9 1 0
github.com/jfox85/devx/session/cleanup.go:108.21,109.17 1 0
github.com/jfox85/devx/session/cleanup.go:109.17,111.4 1 0
github.com/jfox85/devx/session/cleanup.go:112.3,112.13 1 0
github.com/jfox85/devx/session/cleanup.go:113.29,115.25 1 0
github.com/jfox85/devx/session/cleanup.go:115.25,117.4 1 0
github.com/jfox85/devx/session/cleanup.go:118.3,118.67 1 0
github.com/jfox85/devx/session/cleanup.go:123.53,125.22 2 0
github.com/jfox85/devx/session/cleanup.go:125.22,127.3 1 0
github.com/jfox85/devx/session/cleanup.go:129.2,144.36 9 0
github.com/jfox85/devx/session/cleanup.go:144.36,146.3 1 0
github.com/jfox85/devx/session/cleanup.go:148.2,149.12 2 0
github.com/jfox85/devx/session/cleanup.go:149.12,151.3 1 0
github.com/jfox85/devx/session/cleanup.go:153.2,153.9 1 0
github.com/jfox85/devx/session/cleanup.go:154.21,155.17 1 0
github.com/jfox85/devx/session/cleanup.go:155.17,157.4 1 0
github.com/jfox85/devx/session/cleanup.go:158.3,159.13 2 0
github.com/jfox85/devx/session/cleanup.go:160.29,161.25 1 0
github.com/jfox85/devx/session/cleanup.go:161.25,163.4 1 0
github.com/jfox85/devx/session/cleanup.go:164.3,164.67 1 0
github.com/jfox85/devx/session/editor.go:17.32,19.55 1 9
github.com/jfox85/devx/session/editor.go:19.55,21.3 1 4
github.com/jfox85/devx/session/editor.go:24.2,24.49 1 5
github.com/jfox85/devx/session/editor.go:24.49,26.3 1 1
github.com/jfox85/devx/session/editor.go:29.2,29.49 1 4
github.com/jfox85/devx/session/editor.go:29.49,31.3 1 1
github.com/jfox85/devx/session/editor.go:33.2,33.11 1 3
github.com/jfox85/devx/session/editor.go:38.45,40.21 2 2
github.com/jfox85/devx/session/editor.go:40.21,43.3 1 1
github.com/jfox85/devx/session/editor.go:45.2,51.36 3 1
github.com/jfox85/devx/session/editor.go:51.36,53.3 1 0
github.com/jfox85/devx/session/editor.go:55.2,58.12 2 1
github.com/jfox85/devx/session/editor.go:58.12,61.3 1 1
github.com/jfox85/devx/session/editor.go:63.2,63.17 1 1
github.com/jfox85/devx/session/editor.go:67.61,69.16 2 0
github.com/jfox85/devx/session/editor.go:69.16,71.3 1 0
github.com/jfox85/devx/session/editor.go:73.2,73.14 1 0
github.com/jfox85/devx/session/editor.go:73.14,76.3 1 0
github.com/jfox85/devx/session/editor.go:79.2,80.16 2 0
github.com/jfox85/devx/session/editor.go:80.16,83.3 2 0
github.com/jfox85/devx/session/editor.go:85.2,85.59 1 0
github.com/jfox85/devx/session/editor.go:85.59,87.3 1 0
github.com/jfox85/devx/session/editor.go:91.31,93.21 2 3
github.com/jfox85/devx/session/editor.go:93.21,95.3 1 1
github.com/jfox85/devx/session/editor.go:98.2,100.16 3 2
github.com/jfox85/devx/session/editor.go:100.16,104.3 2 1
github.com/jfox85/devx/session/editor.go:106.2,106.19 1 2
github.com/jfox85/devx/session/editor.go:110.37,111.14 1 4
github.com/jfox85/devx/session/editor.go:111.14,113.3 1 2
github.com/jfox85/devx/session/editor.go:116.2,117.16 2 2
github.com/jfox85/devx/session/editor.go:117.16,119.3 1 0
github.com/jfox85/devx/session/editor.go:122.2,123.19 2 2
github.com/jfox85/devx/session/editor.go:127.48,129.16 2 0
github.com/jfox85/devx/session/editor.go:129.16,131.3 1 0
github.com/jfox85/devx/session/editor.go:133.2,134.13 2 0
github.com/jfox85/devx/session/editor.go:134.13,136.3 1 0
github.com/jfox85/devx/session/editor.go:141.2,141.59 1 0
github.com/jfox85/devx/session/editor.go:141.59,143.3 1 0
github.com/jfox85/devx/session/editor.go:148.60,150.16 2 0
github.com/jfox85/devx/session/editor.go:150.16,152.3 1 0
github.com/jfox85/devx/session/editor.go:154.2,155.13 2 0
github.com/jfox85/devx/session/editor.go:155.13,157.3 1 0
github.com/jfox85/devx/session/editor.go:160.2,160.66 1 0
github.com/jfox85/devx/session/editor.go:160.66,163.3 2 0
github.com/jfox85/devx/session/editor.go:166.2,166.27 1 0
github.com/jfox85/devx/session/editor.go:166.27,168.3 1 0
github.com/jfox85/devx/session/editor.go:170.2,170.50 1 0
github.com/jfox85/devx/session/envrc.go:19.63,25.31 3 0
github.com/jfox85/devx/session/envrc.go:25.31,27.3 1 0
github.com/jfox85/devx/session/envrc.go:28.2,30.43 2 0
github.com/jfox85/devx/session/envrc.go:30.43,35.3 3 0
github.com/jfox85/devx/session/envrc.go:38.2,38.26 1 0
github.com/jfox85/devx/session/envrc.go:38.26,44.33 4 0
github.com/jfox85/devx/session/envrc.go:44.33,46.4 1 0
github.com/jfox85/devx/session/envrc.go:47.3,49.42 2 0
github.com/jfox85/devx/session/envrc.go:49.42,55.4 3 0
github.com/jfox85/devx/session/envrc.go:59.2,65.71 5 0
github.com/jfox85/devx/session/envrc.go:65.71,67.3 1 0
github.com/jfox85/devx/session/envrc.go:70.2,70.53 1 0
github.com/jfox85/devx/session/envrc.go:70.53,73.3 1 0
github.com/jfox85/devx/session/envrc.go:75.2,75.12 1 0
github.com/jfox85/devx/session/envrc.go:79.40,81.51 1 0
github.com/jfox85/devx/session/envrc.go:81.51,83.3 1 0
github.com/jfox85/devx/session/envrc.go:85.2,89.16 4 0
github.com/jfox85/devx/session/envrc.go:89.16,91.3 1 0
github.com/jfox85/devx/session/envrc.go:93.2,93.12 1 0
github.com/jfox85/devx/session/metadata.go:37.44,42.47 3 3
github.com/jfox85/devx/session/metadata.go:42.47,44.3 1 0
github.com/jfox85/devx/session/metadata.go:47.2,47.57 1 3
github.com/jfox85/devx/session/metadata.go:47.57,49.3 1 2
github.com/jfox85/devx/session/metadata.go:51.2,52.16 2 1
github.com/jfox85/devx/session/metadata.go:52.16,54.3 1 0
github.com/jfox85/devx/session/metadata.go:56.2,57.53 2 1
github.com/jfox85/devx/session/metadata.go:57.53,59.3 1 0
github.com/jfox85/devx/session/metadata.go:61.2,61.27 1 1
github.com/jfox85/devx/session/metadata.go:61.27,63.3 1 0
github.com/jfox85/devx/session/metadata.go:65.2,65.20 1 1
github.com/jfox85/devx/session/metadata.go:69.37,73.16 3 4
github.com/jfox85/devx/session/metadata.go:73.16,75.3 1 0
github.com/jfox85/devx/session/metadata.go:77.2,77.63 1 4
github.com/jfox85/devx/session/metadata.go:77.63,79.3 1 0
github.com/jfox85/devx/session/metadata.go:81.2,81.12 1 4
github.com/jfox85/devx/session/metadata.go:85.90,86.43 1 3
github.com/jfox85/devx/session/metadata.go:86.43,88.3 1 1
github.com/jfox85/devx/session/metadata.go:90.2,100.17 3 2
github.com/jfox85/devx/session/metadata.go:104.135,105.43 1 0
github.com/jfox85/devx/session/metadata.go:105.43,107.3 1 0
github.com/jfox85/devx/session/metadata.go:109.2,122.17 3 0
github.com/jfox85/devx/session/metadata.go:126.65,129.2 2 2
github.com/jfox85/devx/session/metadata.go:132.82,134.13 2 1
github.com/jfox85/devx/session/metadata.go:134.13,136.3 1 0
github.com/jfox85/devx/session/metadata.go:138.2,141.17 3 1
github.com/jfox85/devx/session/metadata.go:145.57,146.44 1 1
github.com/jfox85/devx/session/metadata.go:146.44,148.3 1 0
github.com/jfox85/devx/session/metadata.go:150.2,151.17 2 1
github.com/jfox85/devx/session/metadata.go:155.44,157.2 1 0
github.com/jfox85/devx/session/metadata.go:160.28,163.2 2 0
github.com/jfox85/devx/session/metadata.go:166.54,168.46 1 0
github.com/jfox85/devx/session/metadata.go:168.47,170.3 0 0
github.com/jfox85/devx/session/metadata.go:173.2,173.46 1 0
github.com/jfox85/devx/session/metadata.go:173.47,175.3 0 0
github.com/jfox85/devx/session/metadata.go:178.2,178.48 1 0
github.com/jfox85/devx/session/metadata.go:178.48,179.62 1 0
github.com/jfox85/devx/session/metadata.go:179.63,181.4 0 0
github.com/jfox85/devx/session/metadata.go:185.2,185.53 1 0
github.com/jfox85/devx/session/metadata.go:185.54,187.3 0 0
github.com/jfox85/devx/session/metadata.go:189.2,189.12 1 0
github.com/jfox85/devx/session/metadata.go:192.48,194.49 1 0
github.com/jfox85/devx/session/metadata.go:194.49,196.3 1 0
github.com/jfox85/devx/session/metadata.go:199.2,203.16 3 0
github.com/jfox85/devx/session/metadata.go:203.16,204.74 1 0
github.com/jfox85/devx/session/metadata.go:204.74,206.4 1 0
github.com/jfox85/devx/session/metadata.go:207.3,207.13 1 0
github.com/jfox85/devx/session/metadata.go:210.2,211.12 2 0
github.com/jfox85/devx/session/metadata.go:214.51,216.57 1 0
github.com/jfox85/devx/session/metadata.go:216.57,218.3 1 0
github.com/jfox85/devx/session/metadata.go:221.2,223.16 3 0
github.com/jfox85/devx/session/metadata.go:223.16,225.64 1 0
github.com/jfox85/devx/session/metadata.go:225.64,228.4 1 0
github.com/jfox85/devx/session/metadata.go:229.3,229.54 1 0
github.com/jfox85/devx/session/metadata.go:230.8,232.3 1 0
github.com/jfox85/devx/session/metadata.go:234.2,234.12 1 0
github.com/jfox85/devx/session/metadata.go:237.76,239.2 1 0
github.com/jfox85/devx/session/metadata.go:241.31,243.2 1 7
github.com/jfox85/devx/session/metadata.go:246.57,248.16 2 0
github.com/jfox85/devx/session/metadata.go:248.16,250.3 1 0
github.com/jfox85/devx/session/metadata.go:252.2,253.13 2 0
github.com/jfox85/devx/session/metadata.go:253.13,255.3 1 0
github.com/jfox85/devx/session/metadata.go:257.2,257.59 1 0
github.com/jfox85/devx/session/metadata.go:257.59,261.3 3 0
github.com/jfox85/devx/session/metadata.go:265.51,267.16 2 0
github.com/jfox85/devx/session/metadata.go:267.16,269.3 1 0
github.com/jfox85/devx/session/metadata.go:271.2,272.13 2 0
github.com/jfox85/devx/session/metadata.go:272.13,274.3 1 0
github.com/jfox85/devx/session/metadata.go:276.2,276.59 1 0
github.com/jfox85/devx/session/metadata.go:276.59,280.3 3 0
github.com/jfox85/devx/session/metadata.go:284.37,286.16 2 0
github.com/jfox85/devx/session/metadata.go:286.16,288.3 1 0
github.com/jfox85/devx/session/metadata.go:291.2,292.16 2 0
github.com/jfox85/devx/session/metadata.go:292.16,294.3 1 0
github.com/jfox85/devx/session/metadata.go:296.2,296.41 1 0
github.com/jfox85/devx/session/metadata.go:296.41,297.23 1 0
github.com/jfox85/devx/session/metadata.go:297.23,299.4 1 0
github.com/jfox85/devx/session/metadata.go:303.2,303.41 1 0
github.com/jfox85/devx/session/metadata.go:303.41,304.44 1 0
github.com/jfox85/devx/session/metadata.go:304.44,306.4 1 0
github.com/jfox85/devx/session/metadata.go:310.2,310.57 1 0
github.com/jfox85/devx/session/metadata.go:310.57,314.17 3 0
github.com/jfox85/devx/session/metadata.go:314.17,317.56 2 0
github.com/jfox85/devx/session/metadata.go:317.56,319.5 1 0
github.com/jfox85/devx/session/metadata.go:323.2,323.11 1 0
github.com/jfox85/devx/session/ports.go:15.68,16.28 1 13
github.com/jfox85/devx/session/ports.go:16.28,18.3 1 1
github.com/jfox85/devx/session/ports.go:20.2,26.43 3 12
github.com/jfox85/devx/session/ports.go:26.43,30.48 2 35
github.com/jfox85/devx/session/ports.go:30.48,32.18 2 35
github.com/jfox85/devx/session/ports.go:32.18,34.5 1 0
github.com/jfox85/devx/session/ports.go:36.4,37.24 2 35
github.com/jfox85/devx/session/ports.go:37.24,38.10 1 35
github.com/jfox85/devx/session/ports.go:41.4,41.22 1 0
github.com/jfox85/devx/session/ports.go:41.22,43.5 1 0
github.com/jfox85/devx/session/ports.go:46.3,47.25 2 35
github.com/jfox85/devx/session/ports.go:50.2,50.24 1 12
github.com/jfox85/devx/session/ports.go:54.61,56.16 2 1
github.com/jfox85/devx/session/ports.go:56.16,58.3 1 0
github.com/jfox85/devx/session/ports.go:60.2,60.61 1 1
github.com/jfox85/devx/session/ports.go:64.35,65.30 1 9
github.com/jfox85/devx/session/ports.go:65.30,67.3 1 3
github.com/jfox85/devx/session/ports.go:68.2,68.17 1 6
github.com/jfox85/devx/session/ports.go:68.17,70.3 1 2
github.com/jfox85/devx/session/ports.go:71.2,71.12 1 4
github.com/jfox85/devx/session/tmuxp.go:58.69,60.16 2 3
github.com/jfox85/devx/session/tmuxp.go:60.16,62.3 1 0
github.com/jfox85/devx/session/tmuxp.go:65.2,66.48 1 3
github.com/jfox85/devx/session/tmuxp.go:66.48,71.4 2 0
github.com/jfox85/devx/session/tmuxp.go:72.48,77.4 2 0
github.com/jfox85/devx/session/tmuxp.go:80.2,81.16 2 3
github.com/jfox85/devx/session/tmuxp.go:81.16,83.3 1 0
github.com/jfox85/devx/session/tmuxp.go:85.2,86.49 2 3
github.com/jfox85/devx/session/tmuxp.go:86.49,88.3 1 0
github.com/jfox85/devx/session/tmuxp.go:90.2,91.67 2 3
github.com/jfox85/devx/session/tmuxp.go:91.67,93.3 1 0
github.com/jfox85/devx/session/tmuxp.go:95.2,95.12 1 3
github.com/jfox85/devx/session/tmuxp.go:99.42,104.24 2 3
github.com/jfox85/devx/session/tmuxp.go:104.24,106.29 1 3
github.com/jfox85/devx/session/tmuxp.go:106.29,108.18 2 0
github.com/jfox85/devx/session/tmuxp.go:108.18,110.5 1 0
github.com/jfox85/devx/session/tmuxp.go:113.3,113.60 1 3
github.com/jfox85/devx/session/tmuxp.go:113.60,115.4 1 3
github.com/jfox85/devx/session/tmuxp.go:119.2,119.27 1 0
github.com/jfox85/devx/session/tmuxp.go:123.64,125.50 1 0
github.com/jfox85/devx/session/tmuxp.go:125.50,127.3 1 0
github.com/jfox85/devx/session/tmuxp.go:130.2,130.49 1 0
github.com/jfox85/devx/session/tmuxp.go:130.49,132.3 1 0
github.com/jfox85/devx/session/tmuxp.go:134.2,137.60 2 0
github.com/jfox85/devx/session/tmuxp.go:137.60,139.3 1 0
github.com/jfox85/devx/session/tmuxp.go:142.2,151.16 6 0
github.com/jfox85/devx/session/tmuxp.go:151.16,153.3 1 0
github.com/jfox85/devx/session/tmuxp.go:156.2,171.34 8 0
github.com/jfox85/devx/session/tmuxp.go:171.34,176.3 2 0
github.com/jfox85/devx/session/tmuxp.go:178.2,178.12 1 0
github.com/jfox85/devx/session/tmuxp.go:182.27,184.2 1 2
github.com/jfox85/devx/session/tmuxp.go:187.50,189.49 1 0
github.com/jfox85/devx/session/tmuxp.go:189.49,191.3 1 0
github.com/jfox85/devx/session/tmuxp.go:194.2,195.34 2 0
github.com/jfox85/devx/session/tmuxp.go:195.34,197.3 1 0
github.com/jfox85/devx/session/tmuxp.go:200.2,206.34 5 0
github.com/jfox85/devx/session/tmuxp.go:206.34,208.3 1 0
github.com/jfox85/devx/session/tmuxp.go:210.2,210.12 1 0
github.com/jfox85/devx/session/worktree.go:19.61,24.16 4 0
github.com/jfox85/devx/session/worktree.go:24.16,26.3 1 0
github.com/jfox85/devx/session/worktree.go:28.2,28.41 1 0
github.com/jfox85/devx/session/worktree.go:31.56,36.21 4 2
github.com/jfox85/devx/session/worktree.go:36.21,39.17 2 11
github.com/jfox85/devx/session/worktree.go:39.17,40.26 1 2
github.com/jfox85/devx/session/worktree.go:40.26,43.5 2 2
github.com/jfox85/devx/session/worktree.go:44.4,44.12 1 2
github.com/jfox85/devx/session/worktree.go:47.3,48.22 2 9
github.com/jfox85/devx/session/worktree.go:48.22,49.12 1 1
github.com/jfox85/devx/session/worktree.go:52.3,52.19 1 8
github.com/jfox85/devx/session/worktree.go:53.19,54.27 1 3
github.com/jfox85/devx/session/worktree.go:55.15,56.27 1 3
github.com/jfox85/devx/session/worktree.go:57.17,58.64 1 2
github.com/jfox85/devx/session/worktree.go:62.2,62.24 1 2
github.com/jfox85/devx/session/worktree.go:62.24,64.3 1 1
github.com/jfox85/devx/session/worktree.go:66.2,66.18 1 2
github.com/jfox85/devx/session/worktree.go:70.78,72.16 2 0
github.com/jfox85/devx/session/worktree.go:72.16,74.3 1 0
github.com/jfox85/devx/session/worktree.go:76.2,76.31 1 0
github.com/jfox85/devx/session/worktree.go:76.31,77.30 1 0
github.com/jfox85/devx/session/worktree.go:77.30,79.4 1 0
github.com/jfox85/devx/session/worktree.go:82.2,82.23 1 0
github.com/jfox85/devx/session/worktree.go:86.63,91.16 3 0
github.com/jfox85/devx/session/worktree.go:91.16,93.3 1 0
github.com/jfox85/devx/session/worktree.go:95.2,95.23 1 0
github.com/jfox85/devx/session/worktree.go:95.23,97.3 1 0
github.com/jfox85/devx/session/worktree.go:100.2,101.16 2 0
github.com/jfox85/devx/session/worktree.go:101.16,103.3 1 0
github.com/jfox85/devx/session/worktree.go:105.2,106.18 2 0
github.com/jfox85/devx/session/worktree.go:106.18,109.3 1 0
github.com/jfox85/devx/session/worktree.go:109.8,112.3 1 0
github.com/jfox85/devx/session/worktree.go:114.2,116.16 3 0
github.com/jfox85/devx/session/worktree.go:116.16,118.3 1 0
github.com/jfox85/devx/session/worktree.go:120.2,120.12 1 0
github.com/jfox85/devx/session/worktree.go:124.62,129.16 4 0
github.com/jfox85/devx/session/worktree.go:129.16,130.74 1 0
github.com/jfox85/devx/session/worktree.go:130.74,133.4 1 0
github.com/jfox85/devx/session/worktree.go:134.3,134.72 1 0
github.com/jfox85/devx/session/worktree.go:137.2,137.18 1 0
github.com/jfox85/devx/cmd/caddy.go:31.13,35.2 3 1
github.com/jfox85/devx/cmd/caddy.go:37.61,40.16 2 0
github.com/jfox85/devx/cmd/caddy.go:40.16,42.3 1 0
github.com/jfox85/devx/cmd/caddy.go:45.2,46.16 2 0
github.com/jfox85/devx/cmd/caddy.go:46.16,48.3 1 0
github.com/jfox85/devx/cmd/caddy.go:51.2,52.41 2 0
github.com/jfox85/devx/cmd/caddy.go:52.41,59.49 2 0
github.com/jfox85/devx/cmd/caddy.go:59.49,60.40 1 0
github.com/jfox85/devx/cmd/caddy.go:60.40,62.10 2 0
github.com/jfox85/devx/cmd/caddy.go:66.3,66.28 1 0
github.com/jfox85/devx/cmd/caddy.go:70.2,71.16 2 0
github.com/jfox85/devx/cmd/caddy.go:71.16,73.3 1 0
github.com/jfox85/devx/cmd/caddy.go:76.2,79.86 2 0
github.com/jfox85/devx/cmd/caddy.go:79.86,81.66 2 0
github.com/jfox85/devx/cmd/caddy.go:81.66,83.4 1 0
github.com/jfox85/devx/cmd/caddy.go:86.3,88.17 3 0
github.com/jfox85/devx/cmd/caddy.go:88.17,90.4 1 0
github.com/jfox85/devx/cmd/caddy.go:91.3,91.36 1 0
github.com/jfox85/devx/cmd/caddy.go:94.2,94.12 1 0
github.com/jfox85/devx/cmd/caddy.go:97.65,100.25 2 0
github.com/jfox85/devx/cmd/caddy.go:100.25,102.3 1 0
github.com/jfox85/devx/cmd/caddy.go:102.8,107.3 4 0
github.com/jfox85/devx/cmd/caddy.go:110.2,115.26 5 0
github.com/jfox85/devx/cmd/caddy.go:115.26,118.15 3 0
github.com/jfox85/devx/cmd/caddy.go:118.15,120.4 1 0
github.com/jfox85/devx/cmd/caddy.go:124.2,124.35 1 0
github.com/jfox85/devx/cmd/caddy.go:124.35,130.47 5 0
github.com/jfox85/devx/cmd/caddy.go:130.47,132.21 2 0
github.com/jfox85/devx/cmd/caddy.go:132.21,133.48 1 0
github.com/jfox85/devx/cmd/caddy.go:133.48,135.6 1 0
github.com/jfox85/devx/cmd/caddy.go:135.11,137.6 1 0
github.com/jfox85/devx/cmd/caddy.go:140.4,146.5 1 0
github.com/jfox85/devx/cmd/caddy.go:148.3,152.47 3 0
github.com/jfox85/devx/cmd/caddy.go:152.47,153.22 1 0
github.com/jfox85/devx/cmd/caddy.go:153.22,155.5 1 0
github.com/jfox85/devx/cmd/caddy.go:158.3,158.35 1 0
github.com/jfox85/devx/cmd/caddy.go:158.35,160.4 1 0
github.com/jfox85/devx/cmd/caddy.go:164.2,165.75 2 0
github.com/jfox85/devx/cmd/caddy.go:165.75,167.3 1 0
github.com/jfox85/devx/cmd/caddy.go:167.8,169.15 2 0
github.com/jfox85/devx/cmd/caddy.go:169.15,171.4 1 0
github.com/jfox85/devx/cmd/check.go:15.13,17.2 1 1
github.com/jfox85/devx/cmd/check.go:19.50,23.2 3 0
github.com/jfox85/devx/cmd/config.go:24.54,26.17 2 0
github.com/jfox85/devx/cmd/config.go:26.17,28.4 1 0
github.com/jfox85/devx/cmd/config.go:31.3,32.17 2 0
github.com/jfox85/devx/cmd/config.go:32.17,34.4 1 0
github.com/jfox85/devx/cmd/config.go:36.3,37.13 2 0
github.com/jfox85/devx/cmd/config.go:46.54,50.19 3 0
github.com/jfox85/devx/cmd/config.go:50.19,52.4 1 0
github.com/jfox85/devx/cmd/config.go:54.3,55.13 2 0
github.com/jfox85/devx/cmd/config.go:64.54,78.22 4 0
github.com/jfox85/devx/cmd/config.go:78.22,80.4 1 0
github.com/jfox85/devx/cmd/config.go:83.3,83.35 1 0
github.com/jfox85/devx/cmd/config.go:83.35,86.18 2 0
github.com/jfox85/devx/cmd/config.go:86.18,88.5 1 0
github.com/jfox85/devx/cmd/config.go:89.4,89.49 1 0
github.com/jfox85/devx/cmd/config.go:89.49,91.5 1 0
github.com/jfox85/devx/cmd/config.go:95.3,97.21 2 0
github.com/jfox85/devx/cmd/config.go:97.21,99.70 1 0
github.com/jfox85/devx/cmd/config.go:99.70,101.65 2 0
github.com/jfox85/devx/cmd/config.go:101.65,103.6 1 0
github.com/jfox85/devx/cmd/config.go:104.5,104.24 1 0
github.com/jfox85/devx/cmd/config.go:105.10,108.32 2 0
github.com/jfox85/devx/cmd/config.go:108.32,110.6 1 0
github.com/jfox85/devx/cmd/config.go:111.5,111.24 1 0
github.com/jfox85/devx/cmd/config.go:113.9,113.36 1 0
github.com/jfox85/devx/cmd/config.go:113.36,116.4 1 0
github.com/jfox85/devx/cmd/config.go:118.3,118.65 1 0
github.com/jfox85/devx/cmd/config.go:118.65,120.4 1 0
github.com/jfox85/devx/cmd/config.go:122.3,123.13 2 0
github.com/jfox85/devx/cmd/config.go:127.13,132.2 4 1
github.com/jfox85/devx/cmd/config_init.go:50.13,52.2 1 1
github.com/jfox85/devx/cmd/config_init.go:54.61,57.16 2 0
github.com/jfox85/devx/cmd/config_init.go:57.16,59.3 1 0
github.com/jfox85/devx/cmd/config_init.go:61.2,62.53 2 0
github.com/jfox85/devx/cmd/config_init.go:62.53,64.3 1 0
github.com/jfox85/devx/cmd/config_init.go:67.2,70.49 2 0
github.com/jfox85/devx/cmd/config_init.go:70.49,74.3 3 0
github.com/jfox85/devx/cmd/config_init.go:77.2,77.87 1 0
github.com/jfox85/devx/cmd/config_init.go:77.87,79.3 1 0
github.com/jfox85/devx/cmd/config_init.go:81.2,84.12 3 0
github.com/jfox85/devx/cmd/project.go:13.13,15.2 1 1
github.com/jfox85/devx/cmd/project_add.go:28.54,33.32 3 0
github.com/jfox85/devx/cmd/project_add.go:33.32,35.4 1 0
github.com/jfox85/devx/cmd/project_add.go:38.3,39.17 2 0
github.com/jfox85/devx/cmd/project_add.go:39.17,41.4 1 0
github.com/jfox85/devx/cmd/project_add.go:44.3,45.17 2 0
github.com/jfox85/devx/cmd/project_add.go:45.17,47.4 1 0
github.com/jfox85/devx/cmd/project_add.go:48.3,48.20 1 0
github.com/jfox85/devx/cmd/project_add.go:48.20,50.4 1 0
github.com/jfox85/devx/cmd/project_add.go:53.3,54.45 2 0
github.com/jfox85/devx/cmd/project_add.go:54.45,56.4 1 0
github.com/jfox85/devx/cmd/project_add.go:59.3,60.17 2 0
github.com/jfox85/devx/cmd/project_add.go:60.17,62.4 1 0
github.com/jfox85/devx/cmd/project_add.go:65.3,65.52 1 0
github.com/jfox85/devx/cmd/project_add.go:65.52,67.4 1 0
github.com/jfox85/devx/cmd/project_add.go:70.3,70.102 1 0
github.com/jfox85/devx/cmd/project_add.go:70.102,72.4 1 0
github.com/jfox85/devx/cmd/project_add.go:75.3,75.24 1 0
github.com/jfox85/devx/cmd/project_add.go:75.24,77.4 1 0
github.com/jfox85/devx/cmd/project_add.go:80.3,88.61 2 0
github.com/jfox85/devx/cmd/project_add.go:88.61,90.4 1 0
github.com/jfox85/devx/cmd/project_add.go:92.3,97.46 4 0
github.com/jfox85/devx/cmd/project_add.go:97.46,99.4 1 0
github.com/jfox85/devx/cmd/project_add.go:99.9,101.4 1 0
github.com/jfox85/devx/cmd/project_add.go:103.3,103.13 1 0
github.com/jfox85/devx/cmd/project_add.go:107.13,116.2 6 1
github.com/jfox85/devx/cmd/project_list.go:17.54,20.17 2 0
github.com/jfox85/devx/cmd/project_list.go:20.17,22.4 1 0
github.com/jfox85/devx/cmd/project_list.go:24.3,24.34 1 0
github.com/jfox85/devx/cmd/project_list.go:24.34,28.4 3 0
github.com/jfox85/devx/cmd/project_list.go:31.3,32.17 2 0
github.com/jfox85/devx/cmd/project_list.go:32.17,34.4 1 0
github.com/jfox85/devx/cmd/project_list.go:37.3,38.39 2 0
github.com/jfox85/devx/cmd/project_list.go:38.39,39.31 1 0
github.com/jfox85/devx/cmd/project_list.go:39.31,41.5 1 0
github.com/jfox85/devx/cmd/project_list.go:45.3,49.49 4 0
github.com/jfox85/devx/cmd/project_list.go:49.49,52.18 3 0
github.com/jfox85/devx/cmd/project_list.go:52.18,54.5 1 0
github.com/jfox85/devx/cmd/project_list.go:57.4,58.51 2 0
github.com/jfox85/devx/cmd/project_list.go:58.51,60.5 1 0
github.com/jfox85/devx/cmd/project_list.go:62.4,68.5 1 0
github.com/jfox85/devx/cmd/project_list.go:71.3,73.13 2 0
github.com/jfox85/devx/cmd/project_list.go:77.13,79.2 1 1
github.com/jfox85/devx/cmd/project_remove.go:18.54,23.17 3 0
github.com/jfox85/devx/cmd/project_remove.go:23.17,25.4 1 0
github.com/jfox85/devx/cmd/project_remove.go:28.3,29.17 2 0
github.com/jfox85/devx/cmd/project_remove.go:29.17,31.4 1 0
github.com/jfox85/devx/cmd/project_remove.go:34.3,34.19 1 0
github.com/jfox85/devx/cmd/project_remove.go:34.19,36.18 2 0
github.com/jfox85/devx/cmd/project_remove.go:36.18,38.5 1 0
github.com/jfox85/devx/cmd/project_remove.go:41.4,42.40 2 0
github.com/jfox85/devx/cmd/project_remove.go:42.40,43.35 1 0
github.com/jfox85/devx/cmd/project_remove.go:43.35,45.6 1 0
github.com/jfox85/devx/cmd/project_remove.go:48.4,48.24 1 0
github.com/jfox85/devx/cmd/project_remove.go:48.24,50.5 1 0
github.com/jfox85/devx/cmd/project_remove.go:54.3,54.55 1 0
github.com/jfox85/devx/cmd/project_remove.go:54.55,56.4 1 0
github.com/jfox85/devx/cmd/project_remove.go:58.3,60.13 2 0
github.com/jfox85/devx/cmd/project_remove.go:64.13,68.2 2 1
github.com/jfox85/devx/cmd/root.go:32.16,34.16 2 0
github.com/jfox85/devx/cmd/root.go:34.16,36.3 1 0
github.com/jfox85/devx/cmd/root.go:39.13,52.63 4 1
github.com/jfox85/devx/cmd/root.go:52.63,53.68 1 0
github.com/jfox85/devx/cmd/root.go:53.68,56.4 2 0
github.com/jfox85/devx/cmd/root.go:59.3,59.21 1 0
github.com/jfox85/devx/cmd/root.go:59.21,62.4 2 0
github.com/jfox85/devx/cmd/root.go:64.3,64.13 1 0
github.com/jfox85/devx/cmd/root.go:69.19,70.19 1 10
github.com/jfox85/devx/cmd/root.go:70.19,73.3 1 0
github.com/jfox85/devx/cmd/root.go:73.8,76.29 2 10
github.com/jfox85/devx/cmd/root.go:76.29,78.4 1 3
github.com/jfox85/devx/cmd/root.go:81.3,87.32 6 10
github.com/jfox85/devx/cmd/root.go:90.2,103.22 10 10
github.com/jfox85/devx/cmd/root.go:107.21,109.2 1 0
github.com/jfox85/devx/cmd/root.go:112.31,118.33 4 0
github.com/jfox85/devx/cmd/root.go:118.33,119.24 1 0
github.com/jfox85/devx/cmd/root.go:119.24,120.34 1 0
github.com/jfox85/devx/cmd/root.go:120.34,122.5 1 0
github.com/jfox85/devx/cmd/root.go:122.10,124.5 1 0
github.com/jfox85/devx/cmd/root.go:129.2,129.98 1 0
github.com/jfox85/devx/cmd/root.go:129.98,131.3 1 0
github.com/jfox85/devx/cmd/root.go:134.2,134.30 1 0
github.com/jfox85/devx/cmd/root.go:134.30,137.3 2 0
github.com/jfox85/devx/cmd/root.go:139.2,139.30 1 0
github.com/jfox85/devx/cmd/root.go:139.30,142.3 2 0
github.com/jfox85/devx/cmd/session.go:15.13,17.2 1 1
github.com/jfox85/devx/cmd/session_attach.go:20.13,22.2 1 1
github.com/jfox85/devx/cmd/session_attach.go:24.64,29.16 3 0
github.com/jfox85/devx/cmd/session_attach.go:29.16,31.3 1 0
github.com/jfox85/devx/cmd/session_attach.go:34.2,35.13 2 0
github.com/jfox85/devx/cmd/session_attach.go:35.13,37.3 1 0
github.com/jfox85/devx/cmd/session_attach.go:40.2,40.54 1 0
github.com/jfox85/devx/cmd/session_attach.go:40.54,42.3 1 0
github.com/jfox85/devx/cmd/session_attach.go:44.2,47.24 2 0
github.com/jfox85/devx/cmd/session_attach.go:47.24,48.58 1 0
github.com/jfox85/devx/cmd/session_attach.go:48.58,50.4 1 0
github.com/jfox85/devx/cmd/session_attach.go:50.9,52.4 1 0
github.com/jfox85/devx/cmd/session_attach.go:57.2,57.56 1 0
github.com/jfox85/devx/cmd/session_attach.go:57.56,60.47 2 0
github.com/jfox85/devx/cmd/session_attach.go:60.47,62.69 2 0
github.com/jfox85/devx/cmd/session_attach.go:62.69,65.5 2 0
github.com/jfox85/devx/cmd/session_attach.go:66.9,68.4 1 0
github.com/jfox85/devx/cmd/session_attach.go:69.8,71.3 1 0
github.com/jfox85/devx/cmd/session_attach.go:73.2,73.12 1 0
github.com/jfox85/devx/cmd/session_clear.go:25.47,30.17 3 0
github.com/jfox85/devx/cmd/session_clear.go:30.17,33.4 2 0
github.com/jfox85/devx/cmd/session_clear.go:35.3,35.34 1 0
github.com/jfox85/devx/cmd/session_clear.go:35.34,38.4 2 0
github.com/jfox85/devx/cmd/session_clear.go:41.3,42.39 2 0
github.com/jfox85/devx/cmd/session_clear.go:42.39,44.4 1 0
github.com/jfox85/devx/cmd/session_clear.go:45.3,48.13 2 0
github.com/jfox85/devx/cmd/session_clear.go:48.13,52.18 4 0
github.com/jfox85/devx/cmd/session_clear.go:52.18,55.5 2 0
github.com/jfox85/devx/cmd/session_clear.go:57.4,58.44 2 0
github.com/jfox85/devx/cmd/session_clear.go:58.44,61.5 2 0
github.com/jfox85/devx/cmd/session_clear.go:65.3,66.45 2 0
github.com/jfox85/devx/cmd/session_clear.go:66.45,69.60 2 0
github.com/jfox85/devx/cmd/session_clear.go:69.60,71.13 2 0
github.com/jfox85/devx/cmd/session_clear.go:76.3,76.49 1 0
github.com/jfox85/devx/cmd/session_clear.go:76.49,78.4 1 0
github.com/jfox85/devx/cmd/session_clear.go:81.3,81.22 1 0
github.com/jfox85/devx/cmd/session_clear.go:81.22,83.31 2 0
github.com/jfox85/devx/cmd/session_clear.go:83.31,85.5 1 0
github.com/jfox85/devx/cmd/session_clear.go:86.4,86.14 1 0
github.com/jfox85/devx/cmd/session_clear.go:87.9,89.4 1 0
github.com/jfox85/devx/cmd/session_clear.go:93.13,96.2 2 1
github.com/jfox85/devx/cmd/session_create.go:31.13,38.2 6 1
github.com/jfox85/devx/cmd/session_create.go:40.64,45.16 3 4
github.com/jfox85/devx/cmd/session_create.go:45.16,47.3 1 0
github.com/jfox85/devx/cmd/session_create.go:50.2,54.23 4 4
github.com/jfox85/devx/cmd/session_create.go:54.23,57.17 2 0
github.com/jfox85/devx/cmd/session_create.go:57.17,59.4 1 0
github.com/jfox85/devx/cmd/session_create.go:60.3,61.29 2 0
github.com/jfox85/devx/cmd/session_create.go:62.8,65.17 2 4
github.com/jfox85/devx/cmd/session_create.go:65.17,67.4 1 0
github.com/jfox85/devx/cmd/session_create.go:70.3,70.46 1 4
github.com/jfox85/devx/cmd/session_create.go:70.46,71.41 1 20
github.com/jfox85/devx/cmd/session_create.go:71.41,75.10 4 0
github.com/jfox85/devx/cmd/session_create.go:80.3,80.21 1 4
github.com/jfox85/devx/cmd/session_create.go:80.21,83.23 2 4
github.com/jfox85/devx/cmd/session_create.go:83.23,85.5 1 0
github.com/jfox85/devx/cmd/session_create.go:90.2,91.16 2 4
github.com/jfox85/devx/cmd/session_create.go:91.16,93.3 1 0
github.com/jfox85/devx/cmd/session_create.go:96.2,96.64 1 4
github.com/jfox85/devx/cmd/session_create.go:96.64,98.3 1 1
github.com/jfox85/devx/cmd/session_create.go:102.2,103.16 2 3
github.com/jfox85/devx/cmd/session_create.go:103.16,105.3 1 0
github.com/jfox85/devx/cmd/session_create.go:108.2,108.16 1 3
github.com/jfox85/devx/cmd/session_create.go:108.16,110.17 2 3
github.com/jfox85/devx/cmd/session_create.go:110.17,112.4 1 0
github.com/jfox85/devx/cmd/session_create.go:116.2,118.41 2 3
github.com/jfox85/devx/cmd/session_create.go:118.41,120.42 1 0
github.com/jfox85/devx/cmd/session_create.go:120.42,122.4 1 0
github.com/jfox85/devx/cmd/session_create.go:123.3,123.58 1 0
github.com/jfox85/devx/cmd/session_create.go:123.58,125.4 1 0
github.com/jfox85/devx/cmd/session_create.go:126.3,126.59 1 0
github.com/jfox85/devx/cmd/session_create.go:126.59,128.4 1 0
github.com/jfox85/devx/cmd/session_create.go:129.3,129.32 1 0
github.com/jfox85/devx/cmd/session_create.go:129.32,131.4 1 0
github.com/jfox85/devx/cmd/session_create.go:134.3,139.4 1 0
github.com/jfox85/devx/cmd/session_create.go:140.8,143.17 2 3
github.com/jfox85/devx/cmd/session_create.go:143.17,145.4 1 0
github.com/jfox85/devx/cmd/session_create.go:149.2,149.78 1 3
github.com/jfox85/devx/cmd/session_create.go:149.78,151.3 1 0
github.com/jfox85/devx/cmd/session_create.go:154.2,155.78 2 3
github.com/jfox85/devx/cmd/session_create.go:155.78,157.3 1 0
github.com/jfox85/devx/cmd/session_create.go:161.2,164.48 4 3
github.com/jfox85/devx/cmd/session_create.go:164.48,166.3 1 3
github.com/jfox85/devx/cmd/session_create.go:168.2,168.133 1 3
github.com/jfox85/devx/cmd/session_create.go:168.133,172.3 1 0
github.com/jfox85/devx/cmd/session_create.go:175.2,176.16 2 3
github.com/jfox85/devx/cmd/session_create.go:176.16,178.3 1 0
github.com/jfox85/devx/cmd/session_create.go:181.2,182.21 2 3
github.com/jfox85/devx/cmd/session_create.go:182.21,183.35 1 3
github.com/jfox85/devx/cmd/session_create.go:183.35,186.26 2 3
github.com/jfox85/devx/cmd/session_create.go:186.26,188.5 1 0
github.com/jfox85/devx/cmd/session_create.go:188.10,190.5 1 3
github.com/jfox85/devx/cmd/session_create.go:195.2,200.69 2 3
github.com/jfox85/devx/cmd/session_create.go:200.69,202.3 1 0
github.com/jfox85/devx/cmd/session_create.go:205.2,211.77 2 3
github.com/jfox85/devx/cmd/session_create.go:211.77,213.3 1 0
github.com/jfox85/devx/cmd/session_create.go:216.2,216.21 1 3
github.com/jfox85/devx/cmd/session_create.go:216.21,217.64 1 3
github.com/jfox85/devx/cmd/session_create.go:217.64,218.23 1 3
github.com/jfox85/devx/cmd/session_create.go:218.23,220.5 1 0
github.com/jfox85/devx/cmd/session_create.go:221.4,221.41 1 3
github.com/jfox85/devx/cmd/session_create.go:221.41,223.5 1 3
github.com/jfox85/devx/cmd/session_create.go:224.18,226.4 1 0
github.com/jfox85/devx/cmd/session_create.go:229.2,230.35 2 3
github.com/jfox85/devx/cmd/session_create.go:230.35,232.55 2 3
github.com/jfox85/devx/cmd/session_create.go:232.55,234.4 1 3
github.com/jfox85/devx/cmd/session_create.go:235.3,235.19 1 3
github.com/jfox85/devx/cmd/session_create.go:240.2,240.17 1 3
github.com/jfox85/devx/cmd/session_create.go:240.17,241.30 1 0
github.com/jfox85/devx/cmd/session_create.go:241.30,244.4 2 0
github.com/jfox85/devx/cmd/session_create.go:244.9,246.72 2 0
github.com/jfox85/devx/cmd/session_create.go:246.72,249.5 2 0
github.com/jfox85/devx/cmd/session_create.go:253.2,253.12 1 3
github.com/jfox85/devx/cmd/session_create.go:256.34,259.16 3 4
github.com/jfox85/devx/cmd/session_create.go:259.16,261.3 1 0
github.com/jfox85/devx/cmd/session_create.go:262.2,262.48 1 4
github.com/jfox85/devx/cmd/session_flag.go:24.13,28.2 3 1
github.com/jfox85/devx/cmd/session_flag.go:30.62,33.15 2 0
github.com/jfox85/devx/cmd/session_flag.go:33.15,35.65 1 0
github.com/jfox85/devx/cmd/session_flag.go:35.65,37.4 1 0
github.com/jfox85/devx/cmd/session_flag.go:38.3,39.13 2 0
github.com/jfox85/devx/cmd/session_flag.go:43.2,44.19 2 0
github.com/jfox85/devx/cmd/session_flag.go:44.19,46.3 1 0
github.com/jfox85/devx/cmd/session_flag.go:49.2,49.20 1 0
github.com/jfox85/devx/cmd/session_flag.go:49.20,51.36 2 0
github.com/jfox85/devx/cmd/session_flag.go:51.36,54.4 2 0
github.com/jfox85/devx/cmd/session_flag.go:57.2,57.70 1 0
github.com/jfox85/devx/cmd/session_flag.go:57.70,59.3 1 0
github.com/jfox85/devx/cmd/session_flag.go:61.2,62.12 2 0
github.com/jfox85/devx/cmd/session_list.go:24.13,26.2 1 1
github.com/jfox85/devx/cmd/session_list.go:38.62,41.16 2 3
github.com/jfox85/devx/cmd/session_list.go:41.16,43.3 1 0
github.com/jfox85/devx/cmd/session_list.go:45.2,45.30 1 3
github.com/jfox85/devx/cmd/session_list.go:45.30,48.3 2 1
github.com/jfox85/devx/cmd/session_list.go:51.2,58.41 4 2
github.com/jfox85/devx/cmd/session_list.go:58.41,68.53 2 28
github.com/jfox85/devx/cmd/session_list.go:68.53,70.4 1 10
github.com/jfox85/devx/cmd/session_list.go:70.9,72.4 1 18
github.com/jfox85/devx/cmd/session_list.go:75.3,75.69 1 28
github.com/jfox85/devx/cmd/session_list.go:75.69,77.4 1 0
github.com/jfox85/devx/cmd/session_list.go:77.9,79.4 1 28
github.com/jfox85/devx/cmd/session_list.go:81.3,81.38 1 28
github.com/jfox85/devx/cmd/session_list.go:85.2,85.43 1 2
github.com/jfox85/devx/cmd/session_list.go:85.43,87.3 1 107
github.com/jfox85/devx/cmd/session_list.go:90.2,91.12 2 2
github.com/jfox85/devx/cmd/session_list.go:99.51,103.49 2 2
github.com/jfox85/devx/cmd/session_list.go:103.49,105.3 1 0
github.com/jfox85/devx/cmd/session_list.go:108.2,110.16 3 2
github.com/jfox85/devx/cmd/session_list.go:110.16,113.3 1 0
github.com/jfox85/devx/cmd/session_list.go:115.2,116.29 2 2
github.com/jfox85/devx/cmd/session_list.go:116.29,117.17 1 11
github.com/jfox85/devx/cmd/session_list.go:117.17,118.12 1 0
github.com/jfox85/devx/cmd/session_list.go:121.3,122.22 2 11
github.com/jfox85/devx/cmd/session_list.go:122.22,123.12 1 0
github.com/jfox85/devx/cmd/session_list.go:126.3,130.15 4 11
github.com/jfox85/devx/cmd/session_list.go:130.15,132.4 1 2
github.com/jfox85/devx/cmd/session_list.go:134.3,137.4 1 11
github.com/jfox85/devx/cmd/session_list.go:140.2,140.17 1 2
github.com/jfox85/devx/cmd/session_list.go:143.39,147.36 2 2
github.com/jfox85/devx/cmd/session_list.go:147.36,149.3 1 0
github.com/jfox85/devx/cmd/session_list.go:151.2,152.54 2 2
github.com/jfox85/devx/cmd/session_list.go:152.54,155.3 1 0
github.com/jfox85/devx/cmd/session_list.go:158.2,159.16 2 2
github.com/jfox85/devx/cmd/session_list.go:159.16,161.3 1 0
github.com/jfox85/devx/cmd/session_list.go:164.2,164.36 1 2
github.com/jfox85/devx/cmd/session_list.go:164.36,165.43 1 130
github.com/jfox85/devx/cmd/session_list.go:165.43,168.23 2 128
github.com/jfox85/devx/cmd/session_list.go:168.23,171.5 2 128
github.com/jfox85/devx/cmd/session_list.go:175.2,175.15 1 2
github.com/jfox85/devx/cmd/session_list.go:178.80,186.34 5 2
github.com/jfox85/devx/cmd/session_list.go:186.34,189.47 2 28
github.com/jfox85/devx/cmd/session_list.go:189.47,192.4 2 72
github.com/jfox85/devx/cmd/session_list.go:193.3,195.25 3 28
github.com/jfox85/devx/cmd/session_list.go:195.25,197.4 1 24
[...]
github.com/jfox85/devx/tui/model.go:514.39,515.44 1 0
github.com/jfox85/devx/tui/model.go:515.44,517.6 1 0
github.com/jfox85/devx/tui/model.go:519.41,523.30 4 0
github.com/jfox85/devx/tui/model.go:525.41,526.28 1 0
github.com/jfox85/devx/tui/model.go:526.28,529.29 3 0
github.com/jfox85/devx/tui/model.go:529.29,535.7 3 0
github.com/jfox85/devx/tui/model.go:536.6,537.19 2 0
github.com/jfox85/devx/tui/model.go:541.24,542.11 1 0
github.com/jfox85/devx/tui/model.go:543.39,545.44 2 0
github.com/jfox85/devx/tui/model.go:547.40,549.19 2 0
github.com/jfox85/devx/tui/model.go:549.19,551.6 1 0
github.com/jfox85/devx/tui/model.go:553.12,556.18 3 0
github.com/jfox85/devx/tui/model.go:560.25,562.34 2 0
github.com/jfox85/devx/tui/model.go:562.34,564.4 1 0
github.com/jfox85/devx/tui/model.go:565.3,565.19 1 0
github.com/jfox85/devx/tui/model.go:565.19,567.4 1 0
github.com/jfox85/devx/tui/model.go:569.26,572.27 3 0
github.com/jfox85/devx/tui/model.go:574.25,576.22 2 0
github.com/jfox85/devx/tui/model.go:579.33,583.28 4 0
github.com/jfox85/devx/tui/model.go:585.33,587.27 2 0
github.com/jfox85/devx/tui/model.go:589.23,599.42 4 0
github.com/jfox85/devx/tui/model.go:601.25,605.19 1 0
github.com/jfox85/devx/tui/model.go:605.19,609.5 2 0
github.com/jfox85/devx/tui/model.go:612.25,613.27 1 0
github.com/jfox85/devx/tui/model.go:615.29,617.45 1 0
github.com/jfox85/devx/tui/model.go:619.25,621.44 1 0
github.com/jfox85/devx/tui/model.go:621.44,623.4 1 0
github.com/jfox85/devx/tui/model.go:625.26,627.59 1 0
github.com/jfox85/devx/tui/model.go:629.22,630.31 1 0
github.com/jfox85/devx/tui/model.go:632.14,634.22 2 0
github.com/jfox85/devx/tui/model.go:637.2,637.15 1 0
github.com/jfox85/devx/tui/model.go:640.30,641.18 1 0
github.com/jfox85/devx/tui/model.go:641.18,643.3 1 0
github.com/jfox85/devx/tui/model.go:645.2,647.17 2 0
github.com/jfox85/devx/tui/model.go:648.17,649.25 1 0
github.com/jfox85/devx/tui/model.go:650.21,651.27 1 0
github.com/jfox85/devx/tui/model.go:652.26,653.34 1 0
github.com/jfox85/devx/tui/model.go:654.20,655.28 1 0
github.com/jfox85/devx/tui/model.go:656.22,657.30 1 0
github.com/jfox85/devx/tui/model.go:658.30,659.38 1 0
github.com/jfox85/devx/tui/model.go:660.23,661.31 1 0
github.com/jfox85/devx/tui/model.go:665.2,666.20 2 0
github.com/jfox85/devx/tui/model.go:666.20,668.3 1 0
github.com/jfox85/devx/tui/model.go:668.8,669.18 1 0
github.com/jfox85/devx/tui/model.go:670.18,671.216 1 0
github.com/jfox85/devx/tui/model.go:672.22,673.87 1 0
github.com/jfox85/devx/tui/model.go:674.27,675.119 1 0
github.com/jfox85/devx/tui/model.go:676.21,677.74 1 0
github.com/jfox85/devx/tui/model.go:678.23,679.120 1 0
github.com/jfox85/devx/tui/model.go:680.31,681.134 1 0
github.com/jfox85/devx/tui/model.go:682.24,683.84 1 0
github.com/jfox85/devx/tui/model.go:689.2,693.26 3 0
github.com/jfox85/devx/tui/model.go:693.26,695.3 1 0
github.com/jfox85/devx/tui/model.go:698.2,701.34 1 0
github.com/jfox85/devx/tui/model.go:704.34,713.26 2 0
github.com/jfox85/devx/tui/model.go:713.26,717.3 1 0
github.com/jfox85/devx/tui/model.go:719.2,719.20 1 0
github.com/jfox85/devx/tui/model.go:719.20,725.27 3 0
github.com/jfox85/devx/tui/model.go:725.27,727.4 1 0
github.com/jfox85/devx/tui/model.go:730.3,731.35 2 0
github.com/jfox85/devx/tui/model.go:731.35,733.43 1 0
github.com/jfox85/devx/tui/model.go:733.43,734.29 1 0
github.com/jfox85/devx/tui/model.go:734.29,736.6 1 0
github.com/jfox85/devx/tui/model.go:737.5,740.32 3 0
github.com/jfox85/devx/tui/model.go:740.32,741.32 1 0
github.com/jfox85/devx/tui/model.go:741.32,743.7 1 0
github.com/jfox85/devx/tui/model.go:743.12,745.7 1 0
github.com/jfox85/devx/tui/model.go:748.5,748.60 1 0
github.com/jfox85/devx/tui/model.go:751.4,752.21 2 0
github.com/jfox85/devx/tui/model.go:752.21,754.5 1 0
github.com/jfox85/devx/tui/model.go:757.4,758.26 2 0
github.com/jfox85/devx/tui/model.go:758.26,760.5 1 0
github.com/jfox85/devx/tui/model.go:762.4,763.21 2 0
github.com/jfox85/devx/tui/model.go:763.21,765.5 1 0
github.com/jfox85/devx/tui/model.go:766.4,769.21 2 0
github.com/jfox85/devx/tui/model.go:769.21,772.5 2 0
github.com/jfox85/devx/tui/model.go:775.3,775.20 1 0
github.com/jfox85/devx/tui/model.go:780.2,789.34 6 0
github.com/jfox85/devx/tui/model.go:789.34,791.42 1 0
github.com/jfox85/devx/tui/model.go:791.42,792.28 1 0
github.com/jfox85/devx/tui/model.go:792.28,794.5 1 0
github.com/jfox85/devx/tui/model.go:795.4,798.31 3 0
github.com/jfox85/devx/tui/model.go:798.31,799.31 1 0
github.com/jfox85/devx/tui/model.go:799.31,801.6 1 0
github.com/jfox85/devx/tui/model.go:801.11,803.6 1 0
github.com/jfox85/devx/tui/model.go:806.4,806.69 1 0
github.com/jfox85/devx/tui/model.go:809.3,810.20 2 0
github.com/jfox85/devx/tui/model.go:810.20,812.4 1 0
github.com/jfox85/devx/tui/model.go:815.3,816.25 2 0
github.com/jfox85/devx/tui/model.go:816.25,818.4 1 0
github.com/jfox85/devx/tui/model.go:820.3,821.20 2 0
github.com/jfox85/devx/tui/model.go:821.20,823.4 1 0
github.com/jfox85/devx/tui/model.go:824.3,824.39 1 0
github.com/jfox85/devx/tui/model.go:828.2,829.55 2 0
github.com/jfox85/devx/tui/model.go:829.55,832.3 2 0
github.com/jfox85/devx/tui/model.go:832.8,834.3 1 0
github.com/jfox85/devx/tui/model.go:837.2,841.81 3 0
github.com/jfox85/devx/tui/model.go:844.59,849.25 2 0
github.com/jfox85/devx/tui/model.go:849.25,853.35 3 0
github.com/jfox85/devx/tui/model.go:853.35,855.4 1 0
github.com/jfox85/devx/tui/model.go:856.3,857.36 2 0
github.com/jfox85/devx/tui/model.go:857.36,859.4 1 0
github.com/jfox85/devx/tui/model.go:860.3,860.18 1 0
github.com/jfox85/devx/tui/model.go:864.2,864.61 1 0
github.com/jfox85/devx/tui/model.go:864.61,865.101 1 0
github.com/jfox85/devx/tui/model.go:865.101,869.44 3 0
github.com/jfox85/devx/tui/model.go:869.44,871.5 1 0
github.com/jfox85/devx/tui/model.go:872.4,873.42 2 0
github.com/jfox85/devx/tui/model.go:873.42,876.5 2 0
github.com/jfox85/devx/tui/model.go:880.2,880.16 1 0
github.com/jfox85/devx/tui/model.go:883.59,889.24 3 0
github.com/jfox85/devx/tui/model.go:889.24,895.35 3 0
github.com/jfox85/devx/tui/model.go:895.35,897.4 1 0
github.com/jfox85/devx/tui/model.go:899.3,899.66 1 0
github.com/jfox85/devx/tui/model.go:903.2,903.74 1 0
github.com/jfox85/devx/tui/model.go:903.74,906.3 2 0
github.com/jfox85/devx/tui/model.go:906.8,913.26 4 0
github.com/jfox85/devx/tui/model.go:913.26,917.36 3 0
github.com/jfox85/devx/tui/model.go:917.36,919.5 1 0
github.com/jfox85/devx/tui/model.go:920.4,921.37 2 0
github.com/jfox85/devx/tui/model.go:921.37,923.5 1 0
github.com/jfox85/devx/tui/model.go:924.4,924.29 1 0
github.com/jfox85/devx/tui/model.go:928.3,928.62 1 0
github.com/jfox85/devx/tui/model.go:928.62,929.102 1 0
github.com/jfox85/devx/tui/model.go:929.102,933.45 3 0
github.com/jfox85/devx/tui/model.go:933.45,935.6 1 0
github.com/jfox85/devx/tui/model.go:936.5,937.43 2 0
github.com/jfox85/devx/tui/model.go:937.43,940.6 2 0
github.com/jfox85/devx/tui/model.go:945.2,945.25 1 0
github.com/jfox85/devx/tui/model.go:948.65,951.39 2 0
github.com/jfox85/devx/tui/model.go:951.39,953.3 1 0
github.com/jfox85/devx/tui/model.go:956.2,958.16 3 0
github.com/jfox85/devx/tui/model.go:958.16,960.3 1 0
github.com/jfox85/devx/tui/model.go:962.2,968.16 5 0
github.com/jfox85/devx/tui/model.go:968.16,972.17 3 0
github.com/jfox85/devx/tui/model.go:972.17,974.4 1 0
github.com/jfox85/devx/tui/model.go:977.2,985.29 5 0
github.com/jfox85/devx/tui/model.go:985.29,989.42 2 0
github.com/jfox85/devx/tui/model.go:989.42,991.4 1 0
github.com/jfox85/devx/tui/model.go:995.2,996.32 2 0
github.com/jfox85/devx/tui/model.go:996.32,998.3 1 0
github.com/jfox85/devx/tui/model.go:1000.2,1000.26 1 0
github.com/jfox85/devx/tui/model.go:1000.26,1009.40 6 0
github.com/jfox85/devx/tui/model.go:1009.40,1012.4 2 0
github.com/jfox85/devx/tui/model.go:1015.3,1017.41 3 0
github.com/jfox85/devx/tui/model.go:1017.41,1020.4 2 0
github.com/jfox85/devx/tui/model.go:1022.3,1025.28 3 0
github.com/jfox85/devx/tui/model.go:1028.2,1028.39 1 0
github.com/jfox85/devx/tui/model.go:1031.48,1032.26 1 0
github.com/jfox85/devx/tui/model.go:1032.26,1034.3 1 0
github.com/jfox85/devx/tui/model.go:1037.2,1038.34 2 0
github.com/jfox85/devx/tui/model.go:1038.34,1040.33 2 0
github.com/jfox85/devx/tui/model.go:1040.33,1042.4 1 0
github.com/jfox85/devx/tui/model.go:1046.2,1052.29 4 0
github.com/jfox85/devx/tui/model.go:1052.29,1054.3 1 0
github.com/jfox85/devx/tui/model.go:1055.2,1055.29 1 0
github.com/jfox85/devx/tui/model.go:1055.29,1057.3 1 0
github.com/jfox85/devx/tui/model.go:1059.2,1059.21 1 0
github.com/jfox85/devx/tui/model.go:1062.41,1063.66 1 0
github.com/jfox85/devx/tui/model.go:1063.66,1065.3 1 0
github.com/jfox85/devx/tui/model.go:1068.42,1069.59 1 0
github.com/jfox85/devx/tui/model.go:1069.59,1071.3 1 0
github.com/jfox85/devx/tui/model.go:1074.43,1075.24 1 0
github.com/jfox85/devx/tui/model.go:1075.24,1078.17 2 0
github.com/jfox85/devx/tui/model.go:1078.17,1080.4 1 0
github.com/jfox85/devx/tui/model.go:1083.3,1084.17 2 0
github.com/jfox85/devx/tui/model.go:1084.17,1086.4 1 0
github.com/jfox85/devx/tui/model.go:1089.3,1090.42 2 0
github.com/jfox85/devx/tui/model.go:1090.42,1097.50 2 0
github.com/jfox85/devx/tui/model.go:1097.50,1098.41 1 0
github.com/jfox85/devx/tui/model.go:1098.41,1100.11 2 0
github.com/jfox85/devx/tui/model.go:1104.4,1104.29 1 0
github.com/jfox85/devx/tui/model.go:1108.3,1109.17 2 0
github.com/jfox85/devx/tui/model.go:1109.17,1111.4 1 0
github.com/jfox85/devx/tui/model.go:1114.3,1115.27 2 0
github.com/jfox85/devx/tui/model.go:1115.27,1117.4 1 0
github.com/jfox85/devx/tui/model.go:1117.9,1117.34 1 0
github.com/jfox85/devx/tui/model.go:1117.34,1119.4 1 0
github.com/jfox85/devx/tui/model.go:1119.9,1119.57 1 0
github.com/jfox85/devx/tui/model.go:1119.57,1122.4 2 0
github.com/jfox85/devx/tui/model.go:1124.3,1124.42 1 0
github.com/jfox85/devx/tui/model.go:1128.36,1132.2 1 0
github.com/jfox85/devx/tui/model.go:1134.37,1137.2 1 0
github.com/jfox85/devx/tui/model.go:1139.39,1140.27 1 0
github.com/jfox85/devx/tui/model.go:1140.27,1143.3 1 0
github.com/jfox85/devx/tui/model.go:1145.2,1148.39 3 0
github.com/jfox85/devx/tui/model.go:1148.39,1150.28 2 0
github.com/jfox85/devx/tui/model.go:1150.28,1152.4 1 0
github.com/jfox85/devx/tui/model.go:1154.3,1155.52 2 0
github.com/jfox85/devx/tui/model.go:1158.2,1158.19 1 0
github.com/jfox85/devx/tui/model.go:1161.43,1162.26 1 0
github.com/jfox85/devx/tui/model.go:1162.26,1166.3 1 0
github.com/jfox85/devx/tui/model.go:1168.2,1171.37 3 0
github.com/jfox85/devx/tui/model.go:1171.37,1173.27 2 0
github.com/jfox85/devx/tui/model.go:1173.27,1175.4 1 0
github.com/jfox85/devx/tui/model.go:1177.3,1178.24 2 0
github.com/jfox85/devx/tui/model.go:1178.24,1180.4 1 0
github.com/jfox85/devx/tui/model.go:1182.3,1184.28 3 0
github.com/jfox85/devx/tui/model.go:1184.28,1186.4 1 0
github.com/jfox85/devx/tui/model.go:1189.2,1189.19 1 0
github.com/jfox85/devx/tui/model.go:1192.47,1194.24 1 0
github.com/jfox85/devx/tui/model.go:1194.24,1196.17 2 0
github.com/jfox85/devx/tui/model.go:1196.17,1198.4 1 0
github.com/jfox85/devx/tui/model.go:1201.3,1201.34 1 0
github.com/jfox85/devx/tui/model.go:1201.34,1202.41 1 0
github.com/jfox85/devx/tui/model.go:1202.41,1204.10 2 0
github.com/jfox85/devx/tui/model.go:1206.4,1206.38 1 0
github.com/jfox85/devx/tui/model.go:1210.3,1210.37 1 0
github.com/jfox85/devx/tui/model.go:1214.51,1215.66 1 0
github.com/jfox85/devx/tui/model.go:1215.66,1216.17 1 0
github.com/jfox85/devx/tui/model.go:1216.17,1218.4 1 0
github.com/jfox85/devx/tui/model.go:1220.3,1220.30 1 0
github.com/jfox85/devx/tui/model.go:1224.51,1225.24 1 0
github.com/jfox85/devx/tui/model.go:1225.24,1231.17 3 0
github.com/jfox85/devx/tui/model.go:1231.17,1234.23 2 0
github.com/jfox85/devx/tui/model.go:1234.23,1238.5 2 0
github.com/jfox85/devx/tui/model.go:1239.4,1239.43 1 0
github.com/jfox85/devx/tui/model.go:1242.3,1242.46 1 0
github.com/jfox85/devx/tui/model.go:1246.51,1247.24 1 0
github.com/jfox85/devx/tui/model.go:1247.24,1250.35 2 0
github.com/jfox85/devx/tui/model.go:1250.35,1252.4 1 0
github.com/jfox85/devx/tui/model.go:1253.3,1253.29 1 0
github.com/jfox85/devx/tui/model.go:1257.39,1260.2 2 0
github.com/jfox85/devx/tui/model.go:1262.48,1264.19 2 0
github.com/jfox85/devx/tui/model.go:1264.19,1266.3 1 0
github.com/jfox85/devx/tui/model.go:1267.2,1270.19 2 0
github.com/jfox85/devx/tui/model.go:1270.19,1273.17 2 0
github.com/jfox85/devx/tui/model.go:1273.17,1274.61 1 0
github.com/jfox85/devx/tui/model.go:1274.61,1276.5 1 0
github.com/jfox85/devx/tui/model.go:1278.8,1281.20 2 0
github.com/jfox85/devx/tui/model.go:1281.20,1283.4 1 0
github.com/jfox85/devx/tui/model.go:1286.2,1286.12 1 0
github.com/jfox85/devx/tui/model.go:1289.27,1292.16 2 0
github.com/jfox85/devx/tui/model.go:1292.16,1294.3 1 0
github.com/jfox85/devx/tui/model.go:1297.2,1297.6 1 0
github.com/jfox85/devx/tui/model.go:1297.6,1298.64 1 0
github.com/jfox85/devx/tui/model.go:1298.64,1300.4 1 0
github.com/jfox85/devx/tui/model.go:1302.3,1303.20 2 0
github.com/jfox85/devx/tui/model.go:1303.20,1305.9 1 0
github.com/jfox85/devx/tui/model.go:1307.3,1307.15 1 0
github.com/jfox85/devx/tui/model.go:1310.2,1310.11 1 0
github.com/jfox85/devx/tui/model.go:1313.39,1315.2 1 0
github.com/jfox85/devx/tui/model.go:1317.55,1318.24 1 0
github.com/jfox85/devx/tui/model.go:1318.24,1320.17 2 0
github.com/jfox85/devx/tui/model.go:1320.17,1322.4 1 0
github.com/jfox85/devx/tui/model.go:1324.3,1325.39 2 0
github.com/jfox85/devx/tui/model.go:1325.39,1327.4 1 0
github.com/jfox85/devx/tui/model.go:1330.3,1330.40 1 0
github.com/jfox85/devx/tui/model.go:1330.40,1332.39 2 0
github.com/jfox85/devx/tui/model.go:1332.39,1334.5 1 0
github.com/jfox85/devx/tui/model.go:1337.3,1337.13 1 0
github.com/jfox85/devx/tui/model.go:1341.32,1344.22 2 0
github.com/jfox85/devx/tui/model.go:1345.16,1346.34 1 0
github.com/jfox85/devx/tui/model.go:1347.15,1348.38 1 0
github.com/jfox85/devx/tui/model.go:1349.17,1350.69 1 0
github.com/jfox85/devx/tui/model.go:1351.10,1352.44 1 0
github.com/jfox85/devx/tui/model.go:1355.2,1355.20 1 0
github.com/jfox85/devx/tui/model.go:1358.57,1359.24 1 0
github.com/jfox85/devx/tui/model.go:1359.24,1361.17 2 0
github.com/jfox85/devx/tui/model.go:1361.17,1363.4 1 0
github.com/jfox85/devx/tui/model.go:1365.3,1366.14 2 0
github.com/jfox85/devx/tui/model.go:1366.14,1368.4 1 0
github.com/jfox85/devx/tui/model.go:1371.3,1372.17 2 0
github.com/jfox85/devx/tui/model.go:1372.17,1374.4 1 0
github.com/jfox85/devx/tui/model.go:1376.3,1376.13 1 0
github.com/jfox85/devx/tui/model.go:1380.58,1381.24 1 0
github.com/jfox85/devx/tui/model.go:1381.24,1383.17 2 0
github.com/jfox85/devx/tui/model.go:1383.17,1385.4 1 0
github.com/jfox85/devx/tui/model.go:1388.3,1388.24 1 0
github.com/jfox85/devx/tui/model.go:1388.24,1390.14 2 0
github.com/jfox85/devx/tui/model.go:1390.14,1392.42 2 0
github.com/jfox85/devx/tui/model.go:1392.42,1395.33 2 0
github.com/jfox85/devx/tui/model.go:1395.33,1397.7 1 0
github.com/jfox85/devx/tui/model.go:1397.12,1399.7 1 0
github.com/jfox85/devx/tui/model.go:1401.5,1402.52 2 0
github.com/jfox85/devx/tui/model.go:1408.3,1410.17 3 0
github.com/jfox85/devx/tui/model.go:1410.17,1413.40 2 0
github.com/jfox85/devx/tui/model.go:1413.40,1414.42 1 0
github.com/jfox85/devx/tui/model.go:1414.42,1417.33 2 0
github.com/jfox85/devx/tui/model.go:1417.33,1419.7 1 0
github.com/jfox85/devx/tui/model.go:1419.12,1421.7 1 0
github.com/jfox85/devx/tui/model.go:1425.4,1426.38 2 0
github.com/jfox85/devx/tui/model.go:1426.38,1428.5 1 0
github.com/jfox85/devx/tui/model.go:1429.4,1430.51 2 0
github.com/jfox85/devx/tui/model.go:1434.3,1435.32 2 0
github.com/jfox85/devx/tui/model.go:1435.32,1436.38 1 0
github.com/jfox85/devx/tui/model.go:1436.38,1437.37 1 0
github.com/jfox85/devx/tui/model.go:1437.37,1439.47 1 0
github.com/jfox85/devx/tui/model.go:1439.47,1442.7 2 0
github.com/jfox85/devx/tui/model.go:1448.3,1449.37 2 0
github.com/jfox85/devx/tui/model.go:1449.37,1451.4 1 0
github.com/jfox85/devx/tui/model.go:1452.3,1453.50 2 0
github.com/jfox85/devx/tui/model.go:1457.54,1458.24 1 0
github.com/jfox85/devx/tui/model.go:1458.24,1460.38 2 0
github.com/jfox85/devx/tui/model.go:1460.38,1462.4 1 0
github.com/jfox85/devx/tui/model.go:1463.3,1463.13 1 0
github.com/jfox85/devx/tui/model.go:1467.47,1472.23 3 0
github.com/jfox85/devx/tui/model.go:1472.23,1476.3 1 0
github.com/jfox85/devx/tui/model.go:1478.2,1478.26 1 0
github.com/jfox85/devx/tui/model.go:1478.26,1482.3 3 0
github.com/jfox85/devx/tui/model.go:1485.2,1485.37 1 0
github.com/jfox85/devx/tui/model.go:1485.37,1487.27 2 0
github.com/jfox85/devx/tui/model.go:1487.27,1489.4 1 0
github.com/jfox85/devx/tui/model.go:1492.3,1493.35 2 0
github.com/jfox85/devx/tui/model.go:1493.35,1494.42 1 0
github.com/jfox85/devx/tui/model.go:1494.42,1496.5 1 0
github.com/jfox85/devx/tui/model.go:1499.3,1502.32 4 0
github.com/jfox85/devx/tui/model.go:1502.32,1504.4 1 0
github.com/jfox85/devx/tui/model.go:1505.3,1505.28 1 0
github.com/jfox85/devx/tui/model.go:1505.28,1507.4 1 0
github.com/jfox85/devx/tui/model.go:1510.2,1510.19 1 0
github.com/jfox85/devx/tui/model.go:1513.40,1518.2 1 0
github.com/jfox85/devx/tui/model.go:1520.52,1521.24 1 0
github.com/jfox85/devx/tui/model.go:1521.24,1523.17 2 0
github.com/jfox85/devx/tui/model.go:1523.17,1525.4 1 0
github.com/jfox85/devx/tui/model.go:1528.3,1529.17 2 0
github.com/jfox85/devx/tui/model.go:1529.17,1531.4 1 0
github.com/jfox85/devx/tui/model.go:1532.3,1533.39 2 0
github.com/jfox85/devx/tui/model.go:1533.39,1538.4 1 0
github.com/jfox85/devx/tui/model.go:1540.3,1541.49 2 0
github.com/jfox85/devx/tui/model.go:1541.49,1548.4 1 0
github.com/jfox85/devx/tui/model.go:1551.3,1551.44 1 0
github.com/jfox85/devx/tui/model.go:1551.44,1553.4 1 0
github.com/jfox85/devx/tui/model.go:1555.3,1555.47 1 0
github.com/jfox85/devx/tui/model.go:1559.48,1560.24 1 0
github.com/jfox85/devx/tui/model.go:1560.24,1562.36 1 0
github.com/jfox85/devx/tui/model.go:1562.36,1564.18 2 0
github.com/jfox85/devx/tui/model.go:1564.18,1566.5 1 0
github.com/jfox85/devx/tui/model.go:1567.4,1567.40 1 0
github.com/jfox85/devx/tui/model.go:1571.3,1572.17 2 0
github.com/jfox85/devx/tui/model.go:1572.17,1574.4 1 0
github.com/jfox85/devx/tui/model.go:1577.3,1577.48 1 0
github.com/jfox85/devx/tui/model.go:1577.48,1578.26 1 0
github.com/jfox85/devx/tui/model.go:1578.26,1580.5 1 0
github.com/jfox85/devx/tui/model.go:1581.4,1581.68 1 0
github.com/jfox85/devx/tui/model.go:1582.9,1582.27 1 0
github.com/jfox85/devx/tui/model.go:1582.27,1584.4 1 0
github.com/jfox85/devx/tui/model.go:1587.3,1588.45 2 0
github.com/jfox85/devx/tui/model.go:1588.45,1590.4 1 0
github.com/jfox85/devx/tui/model.go:1593.3,1595.60 3 0
github.com/jfox85/devx/tui/model.go:1595.60,1597.4 1 0
github.com/jfox85/devx/tui/model.go:1600.3,1607.17 4 0
github.com/jfox85/devx/tui/model.go:1607.17,1609.4 1 0
github.com/jfox85/devx/tui/model.go:1611.3,1616.61 2 0
github.com/jfox85/devx/tui/model.go:1616.61,1618.4 1 0
github.com/jfox85/devx/tui/model.go:1621.3,1626.4 1 0
github.com/jfox85/devx/tui/model.go:1630.44,1632.16 2 0
github.com/jfox85/devx/tui/model.go:1632.16,1635.3 2 0
github.com/jfox85/devx/tui/model.go:1637.2,1637.54 1 0
github.com/jfox85/devx/tui/model.go:1637.54,1640.3 2 0
github.com/jfox85/devx/tui/model.go:1643.2,1643.34 1 0
github.com/jfox85/devx/tui/run.go:11.18,19.16 3 0
github.com/jfox85/devx/tui/run.go:19.16,21.3 1 0
github.com/jfox85/devx/tui/run.go:23.2,23.12 1 0
github.com/jfox85/devx/tui/run.go:27.26,29.23 1 0
github.com/jfox85/devx/tui/run.go:29.23,31.3 1 0
github.com/jfox85/devx/tui/run.go:32.2,32.12 1 0
github.com/jfox85/devx/version/version.go:27.17,36.2 1 0
github.com/jfox85/devx/version/version.go:39.31,42.51 2 0
github.com/jfox85/devx/version/version.go:42.51,43.27 1 0
github.com/jfox85/devx/version/version.go:43.27,45.4 1 0
github.com/jfox85/devx/version/version.go:45.9,47.4 1 0
github.com/jfox85/devx/version/version.go:50.2,50.51 1 0
github.com/jfox85/devx/version/version.go:50.51,52.3 1 0
github.com/jfox85/devx/version/version.go:54.2,54.15 1 0
github.com/jfox85/devx/version/version.go:58.33,72.2 1 0
